#
# A fatal error has been detected by the Java Runtime Environment:
#
#  EXCEPTION_ACCESS_VIOLATION (0xc0000005) at pc=0x00007ffe53e13e73, pid=10720, tid=4180
#
# JRE version: Java(TM) SE Runtime Environment (15.0.2+7) (build 15.0.2+7-27)
# Java VM: Java HotSpot(TM) 64-Bit Server VM (15.0.2+7-27, mixed mode, sharing, tiered, compressed oops, g1 gc, windows-amd64)
# Problematic frame:
# C  [nvoglv64.dll+0x803e73]
#
# No core dump will be written. Minidumps are not enabled by default on client versions of Windows
#
# If you would like to submit a bug report, please visit:
#   https://bugreport.java.com/bugreport/crash.jsp
# The crash happened outside the Java Virtual Machine in native code.
# See problematic frame for where to report the bug.
#

---------------  S U M M A R Y ------------

Command Line: -agentlib:jdwp=transport=dt_socket,server=n,suspend=y,address=localhost:53613 --enable-preview -XX:+ShowCodeDetailsInExceptionMessages -Dfile.encoding=UTF-8 App

Host: Intel(R) Core(TM) i5-9400F CPU @ 2.90GHz, 6 cores, 15G,  Windows 10 , 64 bit Build 19041 (10.0.19041.804)
Time: Fri Apr  2 00:28:54 2021 Paris, Madrid (heure d’été) elapsed time: 1.428269 seconds (0d 0h 0m 1s)

---------------  T H R E A D  ---------------

Current thread (0x00000252c94c9960):  JavaThread "main" [_thread_in_native, id=4180, stack(0x000000d0cc300000,0x000000d0cc400000)]

Stack: [0x000000d0cc300000,0x000000d0cc400000],  sp=0x000000d0cc3ff438,  free space=1021k
Native frames: (J=compiled Java code, j=interpreted, Vv=VM code, C=native code)
C  [nvoglv64.dll+0x803e73]

Java frames: (J=compiled Java code, j=interpreted, Vv=VM code)
j  org.lwjgl.opengl.GL11.nglNormal3fv(J)V+0
j  org.lwjgl.opengl.GL11.glNormal3fv(Ljava/nio/FloatBuffer;)V+15
j  App.drawBox()V+16
j  App.render()V+7
j  App.loop()V+79
j  App.run()V+34
j  App.main([Ljava/lang/String;)V+7
v  ~StubRoutines::call_stub

siginfo: EXCEPTION_ACCESS_VIOLATION (0xc0000005), reading address 0x0000000000000010


Register to memory mapping:

RIP=0x00007ffe53e13e73 nvoglv64.dll
RAX=0x00007ffe55c86ba0 nvoglv64.dll
RBX={method} {0x00000252ecd3a980} 'nglNormal3fv' '(J)V' in 'org/lwjgl/opengl/GL11'
RCX=0x0000000000000010 is an unknown value
RDX=0x00000252eedfa7a0 points into unknown readable memory: 0x0000000000008069 | 69 80 00 00 00 00 00 00
RSP=0x000000d0cc3ff438 is pointing into the stack for thread: 0x00000252c94c9960
RBP=0x000000d0cc3ff4c0 is pointing into the stack for thread: 0x00000252c94c9960
RSI=0x0000000000000010 is an unknown value
RDI=0x0000000000000148 is an unknown value
R8 =0x00000252f0205080 points into unknown readable memory: 0x0000000000000000 | 00 00 00 00 00 00 00 00
R9 =0x0000000000000002 is an unknown value
R10=0x00000252d16f5ed3 is at code_begin+1971 in an Interpreter codelet
method entry point (kind = native)  [0x00000252d16f5720, 0x00000252d16f6a00]  4832 bytes
R11=0x000000071132ea50 is an oop: java.lang.Class 
{0x000000071132ea50} - klass: 'java/lang/Class'
R12=0x0 is NULL
R13={method} {0x00000252ecd3a980} 'nglNormal3fv' '(J)V' in 'org/lwjgl/opengl/GL11'
R14=0x000000d0cc3ff4e8 is pointing into the stack for thread: 0x00000252c94c9960
R15=0x00000252c94c9960 is a thread


Registers:
RAX=0x00007ffe55c86ba0, RBX=0x00000252ecd3a978, RCX=0x0000000000000010, RDX=0x00000252eedfa7a0
RSP=0x000000d0cc3ff438, RBP=0x000000d0cc3ff4c0, RSI=0x0000000000000010, RDI=0x0000000000000148
R8 =0x00000252f0205080, R9 =0x0000000000000002, R10=0x00000252d16f5ed3, R11=0x000000071132ea50
R12=0x0000000000000000, R13=0x00000252ecd3a978, R14=0x000000d0cc3ff4e8, R15=0x00000252c94c9960
RIP=0x00007ffe53e13e73, EFLAGS=0x0000000000010202

Top of Stack: (sp=0x000000d0cc3ff438)
0x000000d0cc3ff438:   00000252d16f5f02 0000000000000148
0x000000d0cc3ff448:   00000252d16f5832 00000252ecd3a978
0x000000d0cc3ff458:   0000000000000010 000000d0cc3ff4d8
0x000000d0cc3ff468:   00000252d16ebf6e 00000252d16f57d6
0x000000d0cc3ff478:   000000d0cc3ff478 00000252ecd3a978
0x000000d0cc3ff488:   000000d0cc3ff4e8 00000252ecd55f70
0x000000d0cc3ff498:   0000000000000000 000000071132ea50
0x000000d0cc3ff4a8:   00000252ecd3a978 0000000000000000
0x000000d0cc3ff4b8:   000000d0cc3ff4e0 000000d0cc3ff538
0x000000d0cc3ff4c8:   00000252d16ecda0 000000071132ea50
0x000000d0cc3ff4d8:   00000252d16f0f38 0000000000000010
0x000000d0cc3ff4e8:   0000000000000000 000000d0cc3ff4f0
0x000000d0cc3ff4f8:   00000252ecd3aa27 000000d0cc3ff548
0x000000d0cc3ff508:   00000252ecd55f70 0000000000000000
0x000000d0cc3ff518:   000000071132ea50 00000252ecd3aa50
0x000000d0cc3ff528:   000000d0cc3ff4e0 000000d0cc3ff548 

Instructions: (pc=0x00007ffe53e13e73)
0x00007ffe53e13d73:   02 88 42 06 48 8d 42 08 49 89 40 40 49 3b 40 48
0x00007ffe53e13d83:   72 08 49 8b c8 e9 03 cc 1f 00 c3 cc cc 65 48 8b
0x00007ffe53e13d93:   0c 25 48 12 00 00 48 8b 41 40 f2 0f 11 40 08 f2
0x00007ffe53e13da3:   0f 11 48 10 f2 0f 11 50 18 c7 00 68 00 01 00 48
0x00007ffe53e13db3:   83 c0 20 48 89 41 40 48 3b 41 48 0f 83 cc cb 1f
0x00007ffe53e13dc3:   00 c3 cc cc cc cc cc cc cc cc cc cc cc 65 4c 8b
0x00007ffe53e13dd3:   04 25 48 12 00 00 49 8b 50 40 c7 02 68 00 01 00
0x00007ffe53e13de3:   48 8b 01 48 89 42 08 48 8b 41 08 48 89 42 10 48
0x00007ffe53e13df3:   8b 41 10 48 89 42 18 48 8d 42 20 49 89 40 40 49
0x00007ffe53e13e03:   3b 40 48 72 08 49 8b c8 e9 80 cb 1f 00 c3 cc cc
0x00007ffe53e13e13:   cc cc cc cc cc cc cc cc cc cc cc cc cc 65 48 8b
0x00007ffe53e13e23:   0c 25 48 12 00 00 48 8b 41 40 f3 0f 11 40 04 f3
0x00007ffe53e13e33:   0f 11 48 08 f3 0f 11 50 0c c7 00 69 80 00 00 48
0x00007ffe53e13e43:   83 c0 10 48 89 41 40 48 3b 41 48 0f 83 3c cb 1f
0x00007ffe53e13e53:   00 c3 cc cc cc cc cc cc cc cc cc cc cc 65 4c 8b
0x00007ffe53e13e63:   04 25 48 12 00 00 49 8b 50 40 c7 02 69 80 00 00
0x00007ffe53e13e73:   8b 01 89 42 04 8b 41 04 89 42 08 8b 41 08 89 42
0x00007ffe53e13e83:   0c 48 8d 42 10 49 89 40 40 49 3b 40 48 72 08 49
0x00007ffe53e13e93:   8b c8 e9 f6 ca 1f 00 c3 cc cc cc cc cc 65 4c 8b
0x00007ffe53e13ea3:   0c 25 48 12 00 00 49 8b 41 40 c7 00 01 64 00 00
0x00007ffe53e13eb3:   66 89 48 04 66 89 50 06 66 44 89 40 08 48 83 c0
0x00007ffe53e13ec3:   0c 49 89 41 40 49 3b 41 48 72 08 49 8b c9 e9 ba
0x00007ffe53e13ed3:   ca 1f 00 c3 cc cc cc cc cc cc cc cc cc 65 4c 8b
0x00007ffe53e13ee3:   04 25 48 12 00 00 49 8b 50 40 c7 02 01 64 00 00
0x00007ffe53e13ef3:   0f b7 01 66 89 42 04 0f b7 41 02 66 89 42 06 0f
0x00007ffe53e13f03:   b7 41 04 66 89 42 08 48 8d 42 0c 49 89 40 40 49
0x00007ffe53e13f13:   3b 40 48 72 08 49 8b c8 e9 70 ca 1f 00 c3 cc cc
0x00007ffe53e13f23:   cc cc cc cc cc cc cc cc cc cc cc cc cc 65 4c 8b
0x00007ffe53e13f33:   0c 25 48 12 00 00 49 8b 41 40 c7 00 6a 80 00 00
0x00007ffe53e13f43:   89 48 04 89 50 08 44 89 40 0c 48 83 c0 10 49 89
0x00007ffe53e13f53:   41 40 49 3b 41 48 72 08 49 8b c9 e9 2d ca 1f 00
0x00007ffe53e13f63:   c3 cc cc cc cc cc cc cc cc cc cc cc cc 65 4c 8b 


Stack slot to memory mapping:
stack at sp + 0 slots: 0x00000252d16f5f02 is at code_begin+2018 in an Interpreter codelet
method entry point (kind = native)  [0x00000252d16f5720, 0x00000252d16f6a00]  4832 bytes
stack at sp + 1 slots: 0x0000000000000148 is an unknown value
stack at sp + 2 slots: 0x00000252d16f5832 is at code_begin+274 in an Interpreter codelet
method entry point (kind = native)  [0x00000252d16f5720, 0x00000252d16f6a00]  4832 bytes
stack at sp + 3 slots: {method} {0x00000252ecd3a980} 'nglNormal3fv' '(J)V' in 'org/lwjgl/opengl/GL11'
stack at sp + 4 slots: 0x0000000000000010 is an unknown value
stack at sp + 5 slots: 0x000000d0cc3ff4d8 is pointing into the stack for thread: 0x00000252c94c9960
stack at sp + 6 slots: 0x00000252d16ebf6e is at code_begin+3950 in an Interpreter codelet
invoke return entry points  [0x00000252d16eb000, 0x00000252d16ed0c0]  8384 bytes
stack at sp + 7 slots: 0x00000252d16f57d6 is at code_begin+182 in an Interpreter codelet
method entry point (kind = native)  [0x00000252d16f5720, 0x00000252d16f6a00]  4832 bytes


---------------  P R O C E S S  ---------------

Threads class SMR info:
_java_thread_list=0x00000252ef0b81f0, length=15, elements={
0x00000252c94c9960, 0x00000252ecfd1c80, 0x00000252ecfd2640, 0x00000252ecfef890,
0x00000252ecff1f60, 0x00000252ecff2dc0, 0x00000252ecff5f60, 0x00000252ecffb000,
0x00000252ed023d10, 0x00000252ed2b6cc0, 0x00000252ed2bbb10, 0x00000252ed2bc000,
0x00000252ed2ca7c0, 0x00000252ed2d3720, 0x00000252eef39420
}

Java Threads: ( => current thread )
=>0x00000252c94c9960 JavaThread "main" [_thread_in_native, id=4180, stack(0x000000d0cc300000,0x000000d0cc400000)]
  0x00000252ecfd1c80 JavaThread "Reference Handler" daemon [_thread_blocked, id=14608, stack(0x000000d0cca00000,0x000000d0ccb00000)]
  0x00000252ecfd2640 JavaThread "Finalizer" daemon [_thread_blocked, id=10804, stack(0x000000d0ccb00000,0x000000d0ccc00000)]
  0x00000252ecfef890 JavaThread "Signal Dispatcher" daemon [_thread_blocked, id=15864, stack(0x000000d0ccc00000,0x000000d0ccd00000)]
  0x00000252ecff1f60 JavaThread "Attach Listener" daemon [_thread_blocked, id=17032, stack(0x000000d0ccd00000,0x000000d0cce00000)]
  0x00000252ecff2dc0 JavaThread "Service Thread" daemon [_thread_blocked, id=168, stack(0x000000d0cce00000,0x000000d0ccf00000)]
  0x00000252ecff5f60 JavaThread "C2 CompilerThread0" daemon [_thread_blocked, id=11444, stack(0x000000d0ccf00000,0x000000d0cd000000)]
  0x00000252ecffb000 JavaThread "C1 CompilerThread0" daemon [_thread_blocked, id=17528, stack(0x000000d0cd000000,0x000000d0cd100000)]
  0x00000252ed023d10 JavaThread "Sweeper thread" daemon [_thread_blocked, id=15748, stack(0x000000d0cd100000,0x000000d0cd200000)]
  0x00000252ed2b6cc0 JavaThread "JDWP Transport Listener: dt_socket" daemon [_thread_blocked, id=2320, stack(0x000000d0cd200000,0x000000d0cd300000)]
  0x00000252ed2bbb10 JavaThread "JDWP Event Helper Thread" daemon [_thread_blocked, id=4228, stack(0x000000d0cd300000,0x000000d0cd400000)]
  0x00000252ed2bc000 JavaThread "JDWP Command Reader" daemon [_thread_in_native, id=19064, stack(0x000000d0cd400000,0x000000d0cd500000)]
  0x00000252ed2ca7c0 JavaThread "Notification Thread" daemon [_thread_blocked, id=14196, stack(0x000000d0cd500000,0x000000d0cd600000)]
  0x00000252ed2d3720 JavaThread "Common-Cleaner" daemon [_thread_blocked, id=7472, stack(0x000000d0cd700000,0x000000d0cd800000)]
  0x00000252eef39420 JavaThread "C2 CompilerThread1" daemon [_thread_blocked, id=19536, stack(0x000000d0ce300000,0x000000d0ce400000)]

Other Threads:
  0x00000252ec7be940 VMThread "VM Thread" [stack: 0x000000d0cc900000,0x000000d0cca00000] [id=15340]
  0x00000252ed0e1850 WatcherThread [stack: 0x000000d0cd600000,0x000000d0cd700000] [id=4252]
  0x00000252c953fa20 GCTaskThread "GC Thread#0" [stack: 0x000000d0cc400000,0x000000d0cc500000] [id=16856]
  0x00000252edc54f20 GCTaskThread "GC Thread#1" [stack: 0x000000d0cd800000,0x000000d0cd900000] [id=19516]
  0x00000252edc538d0 GCTaskThread "GC Thread#2" [stack: 0x000000d0cdf00000,0x000000d0ce000000] [id=19520]
  0x00000252edc54bf0 GCTaskThread "GC Thread#3" [stack: 0x000000d0ce000000,0x000000d0ce100000] [id=19524]
  0x00000252edc51f50 GCTaskThread "GC Thread#4" [stack: 0x000000d0ce100000,0x000000d0ce200000] [id=19528]
  0x00000252edc525b0 GCTaskThread "GC Thread#5" [stack: 0x000000d0ce200000,0x000000d0ce300000] [id=19532]
  0x00000252c9552a50 ConcurrentGCThread "G1 Main Marker" [stack: 0x000000d0cc500000,0x000000d0cc600000] [id=12632]
  0x00000252c9553de0 ConcurrentGCThread "G1 Conc#0" [stack: 0x000000d0cc600000,0x000000d0cc700000] [id=15860]
  0x00000252c957d700 ConcurrentGCThread "G1 Refine#0" [stack: 0x000000d0cc700000,0x000000d0cc800000] [id=15844]
  0x00000252c957e300 ConcurrentGCThread "G1 Young RemSet Sampling" [stack: 0x000000d0cc800000,0x000000d0cc900000] [id=16244]

Threads with active compile tasks:

VM state: not at safepoint (normal execution)

VM Mutex/Monitor currently owned by a thread: None

Heap address: 0x0000000701400000, size: 4076 MB, Compressed Oops mode: Zero based, Oop shift amount: 3
CDS archive(s) mapped at: [0x0000000800000000-0x0000000800b50000-0x0000000800b50000), size 11862016, SharedBaseAddress: 0x0000000800000000, ArchiveRelocationMode: 0.
Compressed class space mapped at: 0x0000000800b50000-0x0000000840b50000, size: 1073741824
Narrow klass base: 0x0000000800000000, Narrow klass shift: 3, Narrow klass range: 0x100000000

GC Precious Log:
 CPUs: 6 total, 6 available
 Memory: 16303M
 Large Page Support: Disabled
 NUMA Support: Disabled
 Compressed Oops: Enabled (Zero based)
 Heap Region Size: 2M
 Heap Min Capacity: 8M
 Heap Initial Capacity: 256M
 Heap Max Capacity: 4076M
 Pre-touch: Disabled
 Parallel Workers: 6
 Concurrent Workers: 2
 Concurrent Refinement Workers: 6
 Periodic GC: Disabled

Heap:
 garbage-first heap   total 262144K, used 12059K [0x0000000701400000, 0x0000000800000000)
  region size 2048K, 7 young (14336K), 2 survivors (4096K)
 Metaspace       used 6060K, capacity 8748K, committed 9088K, reserved 1058816K
  class space    used 299K, capacity 573K, committed 640K, reserved 1048576K

Heap Regions: E=young(eden), S=young(survivor), O=old, HS=humongous(starts), HC=humongous(continues), CS=collection set, F=free, OA=open archive, CA=closed archive, TAMS=top-at-mark-start (previous, next)
|   0|0x0000000701400000, 0x0000000701400000, 0x0000000701600000|  0%| F|  |TAMS 0x0000000701400000, 0x0000000701400000| Untracked 
|   1|0x0000000701600000, 0x0000000701600000, 0x0000000701800000|  0%| F|  |TAMS 0x0000000701600000, 0x0000000701600000| Untracked 
|   2|0x0000000701800000, 0x0000000701800000, 0x0000000701a00000|  0%| F|  |TAMS 0x0000000701800000, 0x0000000701800000| Untracked 
|   3|0x0000000701a00000, 0x0000000701a00000, 0x0000000701c00000|  0%| F|  |TAMS 0x0000000701a00000, 0x0000000701a00000| Untracked 
|   4|0x0000000701c00000, 0x0000000701c00000, 0x0000000701e00000|  0%| F|  |TAMS 0x0000000701c00000, 0x0000000701c00000| Untracked 
|   5|0x0000000701e00000, 0x0000000701e00000, 0x0000000702000000|  0%| F|  |TAMS 0x0000000701e00000, 0x0000000701e00000| Untracked 
|   6|0x0000000702000000, 0x0000000702000000, 0x0000000702200000|  0%| F|  |TAMS 0x0000000702000000, 0x0000000702000000| Untracked 
|   7|0x0000000702200000, 0x0000000702200000, 0x0000000702400000|  0%| F|  |TAMS 0x0000000702200000, 0x0000000702200000| Untracked 
|   8|0x0000000702400000, 0x0000000702400000, 0x0000000702600000|  0%| F|  |TAMS 0x0000000702400000, 0x0000000702400000| Untracked 
|   9|0x0000000702600000, 0x0000000702600000, 0x0000000702800000|  0%| F|  |TAMS 0x0000000702600000, 0x0000000702600000| Untracked 
|  10|0x0000000702800000, 0x0000000702800000, 0x0000000702a00000|  0%| F|  |TAMS 0x0000000702800000, 0x0000000702800000| Untracked 
|  11|0x0000000702a00000, 0x0000000702a00000, 0x0000000702c00000|  0%| F|  |TAMS 0x0000000702a00000, 0x0000000702a00000| Untracked 
|  12|0x0000000702c00000, 0x0000000702c00000, 0x0000000702e00000|  0%| F|  |TAMS 0x0000000702c00000, 0x0000000702c00000| Untracked 
|  13|0x0000000702e00000, 0x0000000702e00000, 0x0000000703000000|  0%| F|  |TAMS 0x0000000702e00000, 0x0000000702e00000| Untracked 
|  14|0x0000000703000000, 0x0000000703000000, 0x0000000703200000|  0%| F|  |TAMS 0x0000000703000000, 0x0000000703000000| Untracked 
|  15|0x0000000703200000, 0x0000000703200000, 0x0000000703400000|  0%| F|  |TAMS 0x0000000703200000, 0x0000000703200000| Untracked 
|  16|0x0000000703400000, 0x0000000703400000, 0x0000000703600000|  0%| F|  |TAMS 0x0000000703400000, 0x0000000703400000| Untracked 
|  17|0x0000000703600000, 0x0000000703600000, 0x0000000703800000|  0%| F|  |TAMS 0x0000000703600000, 0x0000000703600000| Untracked 
|  18|0x0000000703800000, 0x0000000703800000, 0x0000000703a00000|  0%| F|  |TAMS 0x0000000703800000, 0x0000000703800000| Untracked 
|  19|0x0000000703a00000, 0x0000000703a00000, 0x0000000703c00000|  0%| F|  |TAMS 0x0000000703a00000, 0x0000000703a00000| Untracked 
|  20|0x0000000703c00000, 0x0000000703c00000, 0x0000000703e00000|  0%| F|  |TAMS 0x0000000703c00000, 0x0000000703c00000| Untracked 
|  21|0x0000000703e00000, 0x0000000703e00000, 0x0000000704000000|  0%| F|  |TAMS 0x0000000703e00000, 0x0000000703e00000| Untracked 
|  22|0x0000000704000000, 0x0000000704000000, 0x0000000704200000|  0%| F|  |TAMS 0x0000000704000000, 0x0000000704000000| Untracked 
|  23|0x0000000704200000, 0x0000000704200000, 0x0000000704400000|  0%| F|  |TAMS 0x0000000704200000, 0x0000000704200000| Untracked 
|  24|0x0000000704400000, 0x0000000704400000, 0x0000000704600000|  0%| F|  |TAMS 0x0000000704400000, 0x0000000704400000| Untracked 
|  25|0x0000000704600000, 0x0000000704600000, 0x0000000704800000|  0%| F|  |TAMS 0x0000000704600000, 0x0000000704600000| Untracked 
|  26|0x0000000704800000, 0x0000000704800000, 0x0000000704a00000|  0%| F|  |TAMS 0x0000000704800000, 0x0000000704800000| Untracked 
|  27|0x0000000704a00000, 0x0000000704a00000, 0x0000000704c00000|  0%| F|  |TAMS 0x0000000704a00000, 0x0000000704a00000| Untracked 
|  28|0x0000000704c00000, 0x0000000704c00000, 0x0000000704e00000|  0%| F|  |TAMS 0x0000000704c00000, 0x0000000704c00000| Untracked 
|  29|0x0000000704e00000, 0x0000000704e00000, 0x0000000705000000|  0%| F|  |TAMS 0x0000000704e00000, 0x0000000704e00000| Untracked 
|  30|0x0000000705000000, 0x0000000705000000, 0x0000000705200000|  0%| F|  |TAMS 0x0000000705000000, 0x0000000705000000| Untracked 
|  31|0x0000000705200000, 0x0000000705200000, 0x0000000705400000|  0%| F|  |TAMS 0x0000000705200000, 0x0000000705200000| Untracked 
|  32|0x0000000705400000, 0x0000000705400000, 0x0000000705600000|  0%| F|  |TAMS 0x0000000705400000, 0x0000000705400000| Untracked 
|  33|0x0000000705600000, 0x0000000705600000, 0x0000000705800000|  0%| F|  |TAMS 0x0000000705600000, 0x0000000705600000| Untracked 
|  34|0x0000000705800000, 0x0000000705800000, 0x0000000705a00000|  0%| F|  |TAMS 0x0000000705800000, 0x0000000705800000| Untracked 
|  35|0x0000000705a00000, 0x0000000705a00000, 0x0000000705c00000|  0%| F|  |TAMS 0x0000000705a00000, 0x0000000705a00000| Untracked 
|  36|0x0000000705c00000, 0x0000000705c00000, 0x0000000705e00000|  0%| F|  |TAMS 0x0000000705c00000, 0x0000000705c00000| Untracked 
|  37|0x0000000705e00000, 0x0000000705e00000, 0x0000000706000000|  0%| F|  |TAMS 0x0000000705e00000, 0x0000000705e00000| Untracked 
|  38|0x0000000706000000, 0x0000000706000000, 0x0000000706200000|  0%| F|  |TAMS 0x0000000706000000, 0x0000000706000000| Untracked 
|  39|0x0000000706200000, 0x0000000706200000, 0x0000000706400000|  0%| F|  |TAMS 0x0000000706200000, 0x0000000706200000| Untracked 
|  40|0x0000000706400000, 0x0000000706400000, 0x0000000706600000|  0%| F|  |TAMS 0x0000000706400000, 0x0000000706400000| Untracked 
|  41|0x0000000706600000, 0x0000000706600000, 0x0000000706800000|  0%| F|  |TAMS 0x0000000706600000, 0x0000000706600000| Untracked 
|  42|0x0000000706800000, 0x0000000706800000, 0x0000000706a00000|  0%| F|  |TAMS 0x0000000706800000, 0x0000000706800000| Untracked 
|  43|0x0000000706a00000, 0x0000000706a00000, 0x0000000706c00000|  0%| F|  |TAMS 0x0000000706a00000, 0x0000000706a00000| Untracked 
|  44|0x0000000706c00000, 0x0000000706c00000, 0x0000000706e00000|  0%| F|  |TAMS 0x0000000706c00000, 0x0000000706c00000| Untracked 
|  45|0x0000000706e00000, 0x0000000706e00000, 0x0000000707000000|  0%| F|  |TAMS 0x0000000706e00000, 0x0000000706e00000| Untracked 
|  46|0x0000000707000000, 0x0000000707000000, 0x0000000707200000|  0%| F|  |TAMS 0x0000000707000000, 0x0000000707000000| Untracked 
|  47|0x0000000707200000, 0x0000000707200000, 0x0000000707400000|  0%| F|  |TAMS 0x0000000707200000, 0x0000000707200000| Untracked 
|  48|0x0000000707400000, 0x0000000707400000, 0x0000000707600000|  0%| F|  |TAMS 0x0000000707400000, 0x0000000707400000| Untracked 
|  49|0x0000000707600000, 0x0000000707600000, 0x0000000707800000|  0%| F|  |TAMS 0x0000000707600000, 0x0000000707600000| Untracked 
|  50|0x0000000707800000, 0x0000000707800000, 0x0000000707a00000|  0%| F|  |TAMS 0x0000000707800000, 0x0000000707800000| Untracked 
|  51|0x0000000707a00000, 0x0000000707a00000, 0x0000000707c00000|  0%| F|  |TAMS 0x0000000707a00000, 0x0000000707a00000| Untracked 
|  52|0x0000000707c00000, 0x0000000707c00000, 0x0000000707e00000|  0%| F|  |TAMS 0x0000000707c00000, 0x0000000707c00000| Untracked 
|  53|0x0000000707e00000, 0x0000000707e00000, 0x0000000708000000|  0%| F|  |TAMS 0x0000000707e00000, 0x0000000707e00000| Untracked 
|  54|0x0000000708000000, 0x0000000708000000, 0x0000000708200000|  0%| F|  |TAMS 0x0000000708000000, 0x0000000708000000| Untracked 
|  55|0x0000000708200000, 0x0000000708200000, 0x0000000708400000|  0%| F|  |TAMS 0x0000000708200000, 0x0000000708200000| Untracked 
|  56|0x0000000708400000, 0x0000000708400000, 0x0000000708600000|  0%| F|  |TAMS 0x0000000708400000, 0x0000000708400000| Untracked 
|  57|0x0000000708600000, 0x0000000708600000, 0x0000000708800000|  0%| F|  |TAMS 0x0000000708600000, 0x0000000708600000| Untracked 
|  58|0x0000000708800000, 0x0000000708800000, 0x0000000708a00000|  0%| F|  |TAMS 0x0000000708800000, 0x0000000708800000| Untracked 
|  59|0x0000000708a00000, 0x0000000708a00000, 0x0000000708c00000|  0%| F|  |TAMS 0x0000000708a00000, 0x0000000708a00000| Untracked 
|  60|0x0000000708c00000, 0x0000000708c00000, 0x0000000708e00000|  0%| F|  |TAMS 0x0000000708c00000, 0x0000000708c00000| Untracked 
|  61|0x0000000708e00000, 0x0000000708e00000, 0x0000000709000000|  0%| F|  |TAMS 0x0000000708e00000, 0x0000000708e00000| Untracked 
|  62|0x0000000709000000, 0x0000000709000000, 0x0000000709200000|  0%| F|  |TAMS 0x0000000709000000, 0x0000000709000000| Untracked 
|  63|0x0000000709200000, 0x0000000709200000, 0x0000000709400000|  0%| F|  |TAMS 0x0000000709200000, 0x0000000709200000| Untracked 
|  64|0x0000000709400000, 0x0000000709400000, 0x0000000709600000|  0%| F|  |TAMS 0x0000000709400000, 0x0000000709400000| Untracked 
|  65|0x0000000709600000, 0x0000000709600000, 0x0000000709800000|  0%| F|  |TAMS 0x0000000709600000, 0x0000000709600000| Untracked 
|  66|0x0000000709800000, 0x0000000709800000, 0x0000000709a00000|  0%| F|  |TAMS 0x0000000709800000, 0x0000000709800000| Untracked 
|  67|0x0000000709a00000, 0x0000000709a00000, 0x0000000709c00000|  0%| F|  |TAMS 0x0000000709a00000, 0x0000000709a00000| Untracked 
|  68|0x0000000709c00000, 0x0000000709c00000, 0x0000000709e00000|  0%| F|  |TAMS 0x0000000709c00000, 0x0000000709c00000| Untracked 
|  69|0x0000000709e00000, 0x0000000709e00000, 0x000000070a000000|  0%| F|  |TAMS 0x0000000709e00000, 0x0000000709e00000| Untracked 
|  70|0x000000070a000000, 0x000000070a000000, 0x000000070a200000|  0%| F|  |TAMS 0x000000070a000000, 0x000000070a000000| Untracked 
|  71|0x000000070a200000, 0x000000070a200000, 0x000000070a400000|  0%| F|  |TAMS 0x000000070a200000, 0x000000070a200000| Untracked 
|  72|0x000000070a400000, 0x000000070a400000, 0x000000070a600000|  0%| F|  |TAMS 0x000000070a400000, 0x000000070a400000| Untracked 
|  73|0x000000070a600000, 0x000000070a600000, 0x000000070a800000|  0%| F|  |TAMS 0x000000070a600000, 0x000000070a600000| Untracked 
|  74|0x000000070a800000, 0x000000070a800000, 0x000000070aa00000|  0%| F|  |TAMS 0x000000070a800000, 0x000000070a800000| Untracked 
|  75|0x000000070aa00000, 0x000000070aa00000, 0x000000070ac00000|  0%| F|  |TAMS 0x000000070aa00000, 0x000000070aa00000| Untracked 
|  76|0x000000070ac00000, 0x000000070ac00000, 0x000000070ae00000|  0%| F|  |TAMS 0x000000070ac00000, 0x000000070ac00000| Untracked 
|  77|0x000000070ae00000, 0x000000070ae00000, 0x000000070b000000|  0%| F|  |TAMS 0x000000070ae00000, 0x000000070ae00000| Untracked 
|  78|0x000000070b000000, 0x000000070b000000, 0x000000070b200000|  0%| F|  |TAMS 0x000000070b000000, 0x000000070b000000| Untracked 
|  79|0x000000070b200000, 0x000000070b200000, 0x000000070b400000|  0%| F|  |TAMS 0x000000070b200000, 0x000000070b200000| Untracked 
|  80|0x000000070b400000, 0x000000070b400000, 0x000000070b600000|  0%| F|  |TAMS 0x000000070b400000, 0x000000070b400000| Untracked 
|  81|0x000000070b600000, 0x000000070b600000, 0x000000070b800000|  0%| F|  |TAMS 0x000000070b600000, 0x000000070b600000| Untracked 
|  82|0x000000070b800000, 0x000000070b800000, 0x000000070ba00000|  0%| F|  |TAMS 0x000000070b800000, 0x000000070b800000| Untracked 
|  83|0x000000070ba00000, 0x000000070ba00000, 0x000000070bc00000|  0%| F|  |TAMS 0x000000070ba00000, 0x000000070ba00000| Untracked 
|  84|0x000000070bc00000, 0x000000070bc00000, 0x000000070be00000|  0%| F|  |TAMS 0x000000070bc00000, 0x000000070bc00000| Untracked 
|  85|0x000000070be00000, 0x000000070be00000, 0x000000070c000000|  0%| F|  |TAMS 0x000000070be00000, 0x000000070be00000| Untracked 
|  86|0x000000070c000000, 0x000000070c000000, 0x000000070c200000|  0%| F|  |TAMS 0x000000070c000000, 0x000000070c000000| Untracked 
|  87|0x000000070c200000, 0x000000070c200000, 0x000000070c400000|  0%| F|  |TAMS 0x000000070c200000, 0x000000070c200000| Untracked 
|  88|0x000000070c400000, 0x000000070c400000, 0x000000070c600000|  0%| F|  |TAMS 0x000000070c400000, 0x000000070c400000| Untracked 
|  89|0x000000070c600000, 0x000000070c600000, 0x000000070c800000|  0%| F|  |TAMS 0x000000070c600000, 0x000000070c600000| Untracked 
|  90|0x000000070c800000, 0x000000070c800000, 0x000000070ca00000|  0%| F|  |TAMS 0x000000070c800000, 0x000000070c800000| Untracked 
|  91|0x000000070ca00000, 0x000000070ca00000, 0x000000070cc00000|  0%| F|  |TAMS 0x000000070ca00000, 0x000000070ca00000| Untracked 
|  92|0x000000070cc00000, 0x000000070cc00000, 0x000000070ce00000|  0%| F|  |TAMS 0x000000070cc00000, 0x000000070cc00000| Untracked 
|  93|0x000000070ce00000, 0x000000070ce00000, 0x000000070d000000|  0%| F|  |TAMS 0x000000070ce00000, 0x000000070ce00000| Untracked 
|  94|0x000000070d000000, 0x000000070d000000, 0x000000070d200000|  0%| F|  |TAMS 0x000000070d000000, 0x000000070d000000| Untracked 
|  95|0x000000070d200000, 0x000000070d200000, 0x000000070d400000|  0%| F|  |TAMS 0x000000070d200000, 0x000000070d200000| Untracked 
|  96|0x000000070d400000, 0x000000070d400000, 0x000000070d600000|  0%| F|  |TAMS 0x000000070d400000, 0x000000070d400000| Untracked 
|  97|0x000000070d600000, 0x000000070d600000, 0x000000070d800000|  0%| F|  |TAMS 0x000000070d600000, 0x000000070d600000| Untracked 
|  98|0x000000070d800000, 0x000000070d800000, 0x000000070da00000|  0%| F|  |TAMS 0x000000070d800000, 0x000000070d800000| Untracked 
|  99|0x000000070da00000, 0x000000070da00000, 0x000000070dc00000|  0%| F|  |TAMS 0x000000070da00000, 0x000000070da00000| Untracked 
| 100|0x000000070dc00000, 0x000000070dc00000, 0x000000070de00000|  0%| F|  |TAMS 0x000000070dc00000, 0x000000070dc00000| Untracked 
| 101|0x000000070de00000, 0x000000070de00000, 0x000000070e000000|  0%| F|  |TAMS 0x000000070de00000, 0x000000070de00000| Untracked 
| 102|0x000000070e000000, 0x000000070e000000, 0x000000070e200000|  0%| F|  |TAMS 0x000000070e000000, 0x000000070e000000| Untracked 
| 103|0x000000070e200000, 0x000000070e200000, 0x000000070e400000|  0%| F|  |TAMS 0x000000070e200000, 0x000000070e200000| Untracked 
| 104|0x000000070e400000, 0x000000070e400000, 0x000000070e600000|  0%| F|  |TAMS 0x000000070e400000, 0x000000070e400000| Untracked 
| 105|0x000000070e600000, 0x000000070e600000, 0x000000070e800000|  0%| F|  |TAMS 0x000000070e600000, 0x000000070e600000| Untracked 
| 106|0x000000070e800000, 0x000000070e800000, 0x000000070ea00000|  0%| F|  |TAMS 0x000000070e800000, 0x000000070e800000| Untracked 
| 107|0x000000070ea00000, 0x000000070ea00000, 0x000000070ec00000|  0%| F|  |TAMS 0x000000070ea00000, 0x000000070ea00000| Untracked 
| 108|0x000000070ec00000, 0x000000070ec00000, 0x000000070ee00000|  0%| F|  |TAMS 0x000000070ec00000, 0x000000070ec00000| Untracked 
| 109|0x000000070ee00000, 0x000000070ee00000, 0x000000070f000000|  0%| F|  |TAMS 0x000000070ee00000, 0x000000070ee00000| Untracked 
| 110|0x000000070f000000, 0x000000070f000000, 0x000000070f200000|  0%| F|  |TAMS 0x000000070f000000, 0x000000070f000000| Untracked 
| 111|0x000000070f200000, 0x000000070f200000, 0x000000070f400000|  0%| F|  |TAMS 0x000000070f200000, 0x000000070f200000| Untracked 
| 112|0x000000070f400000, 0x000000070f400000, 0x000000070f600000|  0%| F|  |TAMS 0x000000070f400000, 0x000000070f400000| Untracked 
| 113|0x000000070f600000, 0x000000070f600000, 0x000000070f800000|  0%| F|  |TAMS 0x000000070f600000, 0x000000070f600000| Untracked 
| 114|0x000000070f800000, 0x000000070f800000, 0x000000070fa00000|  0%| F|  |TAMS 0x000000070f800000, 0x000000070f800000| Untracked 
| 115|0x000000070fa00000, 0x000000070fa00000, 0x000000070fc00000|  0%| F|  |TAMS 0x000000070fa00000, 0x000000070fa00000| Untracked 
| 116|0x000000070fc00000, 0x000000070fdc6f50, 0x000000070fe00000| 88%| S|CS|TAMS 0x000000070fc00000, 0x000000070fc00000| Complete 
| 117|0x000000070fe00000, 0x0000000710000000, 0x0000000710000000|100%| S|CS|TAMS 0x000000070fe00000, 0x000000070fe00000| Complete 
| 118|0x0000000710000000, 0x0000000710000000, 0x0000000710200000|  0%| F|  |TAMS 0x0000000710000000, 0x0000000710000000| Untracked 
| 119|0x0000000710200000, 0x0000000710200000, 0x0000000710400000|  0%| F|  |TAMS 0x0000000710200000, 0x0000000710200000| Untracked 
| 120|0x0000000710400000, 0x0000000710400000, 0x0000000710600000|  0%| F|  |TAMS 0x0000000710400000, 0x0000000710400000| Untracked 
| 121|0x0000000710600000, 0x0000000710600000, 0x0000000710800000|  0%| F|  |TAMS 0x0000000710600000, 0x0000000710600000| Untracked 
| 122|0x0000000710800000, 0x0000000710800000, 0x0000000710a00000|  0%| F|  |TAMS 0x0000000710800000, 0x0000000710800000| Untracked 
| 123|0x0000000710a00000, 0x0000000710b056f0, 0x0000000710c00000| 51%| E|  |TAMS 0x0000000710a00000, 0x0000000710a00000| Complete 
| 124|0x0000000710c00000, 0x0000000710e00000, 0x0000000710e00000|100%| E|CS|TAMS 0x0000000710c00000, 0x0000000710c00000| Complete 
| 125|0x0000000710e00000, 0x0000000711000000, 0x0000000711000000|100%| E|CS|TAMS 0x0000000710e00000, 0x0000000710e00000| Complete 
| 126|0x0000000711000000, 0x0000000711200000, 0x0000000711200000|100%| E|CS|TAMS 0x0000000711000000, 0x0000000711000000| Complete 
| 127|0x0000000711200000, 0x0000000711400000, 0x0000000711400000|100%| E|CS|TAMS 0x0000000711200000, 0x0000000711200000| Complete 

Card table byte_map: [0x00000252e0ff0000,0x00000252e17f0000] _byte_map_base: 0x00000252dd7e6000

Marking Bits (Prev, Next): (CMBitMap*) 0x00000252c9541220, (CMBitMap*) 0x00000252c9541260
 Prev Bits: [0x00000252e1ff0000, 0x00000252e5fa0000)
 Next Bits: [0x00000252e5fa0000, 0x00000252e9f50000)

Polling page: 0x00000252c74c0000

Metaspace:

Usage:
  Non-class:      7.98 MB capacity,     5.63 MB ( 70%) used,     2.35 MB ( 29%) free+waste,     6.56 KB ( <1%) overhead. 
      Class:    573.00 KB capacity,   299.32 KB ( 52%) used,   271.80 KB ( 47%) free+waste,     1.88 KB ( <1%) overhead. 
       Both:      8.54 MB capacity,     5.92 MB ( 69%) used,     2.62 MB ( 31%) free+waste,     8.44 KB ( <1%) overhead. 

Virtual space:
  Non-class space:       10.00 MB reserved,       8.25 MB ( 82%) committed 
      Class space:        1.00 GB reserved,     640.00 KB ( <1%) committed 
             Both:        1.01 GB reserved,       8.88 MB ( <1%) committed 

Chunk freelists:
   Non-Class:  81.00 KB
       Class:  3.00 KB
        Both:  84.00 KB

MaxMetaspaceSize: 17179869184.00 GB
CompressedClassSpaceSize: 1.00 GB

CodeHeap 'non-profiled nmethods': size=120000Kb used=410Kb max_used=410Kb free=119589Kb
 bounds [0x00000252d91b0000, 0x00000252d9420000, 0x00000252e06e0000]
CodeHeap 'profiled nmethods': size=120000Kb used=1947Kb max_used=1947Kb free=118052Kb
 bounds [0x00000252d1c80000, 0x00000252d1ef0000, 0x00000252d91b0000]
CodeHeap 'non-nmethods': size=5760Kb used=1668Kb max_used=1700Kb free=4091Kb
 bounds [0x00000252d16e0000, 0x00000252d1950000, 0x00000252d1c80000]
 total_blobs=1962 nmethods=992 adapters=883
 compilation: enabled
              stopped_count=0, restarted_count=0
 full_count=0

Compilation events (20 events):
Event: 1.409 Thread 0x00000252ecffb000  973       3       java.lang.reflect.Field::getRoot (5 bytes)
Event: 1.409 Thread 0x00000252ecffb000 nmethod 973 0x00000252d1e5eb90 code [0x00000252d1e5ed20, 0x00000252d1e5ee38]
Event: 1.409 Thread 0x00000252ecffb000  974       3       jdk.internal.reflect.UnsafeFieldAccessorFactory::newFieldAccessor (638 bytes)
Event: 1.410 Thread 0x00000252ecffb000 nmethod 974 0x00000252d1e5ef10 code [0x00000252d1e5f5a0, 0x00000252d1e62278]
Event: 1.410 Thread 0x00000252ecffb000  976       3       jdk.internal.reflect.UnsafeFieldAccessorImpl::<init> (56 bytes)
Event: 1.411 Thread 0x00000252ecffb000 nmethod 976 0x00000252d1e63110 code [0x00000252d1e63360, 0x00000252d1e63b78]
Event: 1.411 Thread 0x00000252ecffb000  977       3       jdk.internal.reflect.FieldAccessorImpl::<init> (5 bytes)
Event: 1.411 Thread 0x00000252ecffb000 nmethod 977 0x00000252d1e63e90 code [0x00000252d1e64040, 0x00000252d1e641f8]
Event: 1.411 Thread 0x00000252ecffb000  985       3       jdk.internal.reflect.UnsafeQualifiedFieldAccessorImpl::<init> (11 bytes)
Event: 1.411 Thread 0x00000252ecffb000 nmethod 985 0x00000252d1e64310 code [0x00000252d1e644c0, 0x00000252d1e64628]
Event: 1.411 Thread 0x00000252ecffb000  986       3       jdk.internal.reflect.UnsafeQualifiedLongFieldAccessorImpl::getLong (17 bytes)
Event: 1.411 Thread 0x00000252ecffb000 nmethod 986 0x00000252d1e64710 code [0x00000252d1e64900, 0x00000252d1e64f28]
Event: 1.411 Thread 0x00000252ecffb000  987       3       jdk.internal.reflect.UnsafeFieldAccessorImpl::ensureObj (23 bytes)
Event: 1.411 Thread 0x00000252ecffb000 nmethod 987 0x00000252d1e65190 code [0x00000252d1e65380, 0x00000252d1e658a8]
Event: 1.411 Thread 0x00000252ecffb000  988       3       org.lwjgl.PointerBuffer::put (24 bytes)
Event: 1.411 Thread 0x00000252ecffb000 nmethod 988 0x00000252d1e65a90 code [0x00000252d1e65c80, 0x00000252d1e660b8]
Event: 1.411 Thread 0x00000252ecffb000  989       3       org.lwjgl.system.Checks::check (17 bytes)
Event: 1.412 Thread 0x00000252ecffb000 nmethod 989 0x00000252d1e66310 code [0x00000252d1e664e0, 0x00000252d1e66848]
Event: 1.412 Thread 0x00000252ecffb000  990       3       org.lwjgl.system.CheckIntrinsics::checkIndex (6 bytes)
Event: 1.412 Thread 0x00000252ecffb000 nmethod 990 0x00000252d1e66a10 code [0x00000252d1e66bc0, 0x00000252d1e66e48]

GC Heap History (2 events):
Event: 1.190 GC heap before
{Heap before GC invocations=0 (full 0):
 garbage-first heap   total 262144K, used 20480K [0x0000000701400000, 0x0000000800000000)
  region size 2048K, 10 young (20480K), 0 survivors (0K)
 Metaspace       used 3109K, capacity 5900K, committed 6144K, reserved 1056768K
  class space    used 198K, capacity 477K, committed 512K, reserved 1048576K
}
Event: 1.194 GC heap after
{Heap after GC invocations=1 (full 0):
 garbage-first heap   total 262144K, used 3867K [0x0000000701400000, 0x0000000800000000)
  region size 2048K, 2 young (4096K), 2 survivors (4096K)
 Metaspace       used 3109K, capacity 5900K, committed 6144K, reserved 1056768K
  class space    used 198K, capacity 477K, committed 512K, reserved 1048576K
}

Deoptimization events (20 events):
Event: 0.629 Thread 0x00000252c94c9960 DEOPT PACKING pc=0x00000252d1ce9a4e sp=0x000000d0cc3fb590
Event: 0.629 Thread 0x00000252c94c9960 DEOPT UNPACKING pc=0x00000252d172e23f sp=0x000000d0cc3faac0 mode 0
Event: 0.679 Thread 0x00000252c94c9960 Uncommon trap: trap_request=0xffffffde fr.pc=0x00000252d91d8018 relative=0x0000000000000558
Event: 0.679 Thread 0x00000252c94c9960 Uncommon trap: reason=class_check action=maybe_recompile pc=0x00000252d91d8018 method=java.util.HashMap.getNode(Ljava/lang/Object;)Ljava/util/HashMap$Node; @ 128 c2
Event: 0.679 Thread 0x00000252c94c9960 DEOPT PACKING pc=0x00000252d91d8018 sp=0x000000d0cc3fe150
Event: 0.679 Thread 0x00000252c94c9960 DEOPT UNPACKING pc=0x00000252d172e42f sp=0x000000d0cc3fe088 mode 2
Event: 1.159 Thread 0x00000252c94c9960 DEOPT PACKING pc=0x00000252d1c8c93b sp=0x000000d0cc3fe1d0
Event: 1.159 Thread 0x00000252c94c9960 DEOPT UNPACKING pc=0x00000252d172e23f sp=0x000000d0cc3fd670 mode 0
Event: 1.197 Thread 0x00000252c94c9960 Uncommon trap: trap_request=0xffffff54 fr.pc=0x00000252d9203568 relative=0x0000000000000068
Event: 1.197 Thread 0x00000252c94c9960 Uncommon trap: reason=speculate_null_assert action=make_not_entrant pc=0x00000252d9203568 method=sun.misc.Unsafe.putLong(Ljava/lang/Object;JJ)V @ 7 c2
Event: 1.197 Thread 0x00000252c94c9960 DEOPT PACKING pc=0x00000252d9203568 sp=0x000000d0cc3ff1f0
Event: 1.197 Thread 0x00000252c94c9960 DEOPT UNPACKING pc=0x00000252d172e42f sp=0x000000d0cc3ff188 mode 2
Event: 1.200 Thread 0x00000252c94c9960 Uncommon trap: trap_request=0xffffff54 fr.pc=0x00000252d91f32a4 relative=0x0000000000001284
Event: 1.200 Thread 0x00000252c94c9960 Uncommon trap: reason=speculate_null_assert action=make_not_entrant pc=0x00000252d91f32a4 method=java.util.jar.JarFile.getVersionedEntry(Ljava/lang/String;Ljava/util/jar/JarEntry;)Ljava/util/jar/JarEntry; @ 114 c2
Event: 1.201 Thread 0x00000252c94c9960 DEOPT PACKING pc=0x00000252d91f32a4 sp=0x000000d0cc3fe130
Event: 1.201 Thread 0x00000252c94c9960 DEOPT UNPACKING pc=0x00000252d172e42f sp=0x000000d0cc3fe0c8 mode 2
Event: 1.207 Thread 0x00000252c94c9960 Uncommon trap: trap_request=0xffffff54 fr.pc=0x00000252d92057e0 relative=0x0000000000000060
Event: 1.207 Thread 0x00000252c94c9960 Uncommon trap: reason=speculate_null_assert action=make_not_entrant pc=0x00000252d92057e0 method=sun.misc.Unsafe.getLong(Ljava/lang/Object;J)J @ 5 c2
Event: 1.207 Thread 0x00000252c94c9960 DEOPT PACKING pc=0x00000252d92057e0 sp=0x000000d0cc3ff360
Event: 1.207 Thread 0x00000252c94c9960 DEOPT UNPACKING pc=0x00000252d172e42f sp=0x000000d0cc3ff2f8 mode 2

Classes unloaded (0 events):
No events

Classes redefined (0 events):
No events

Internal exceptions (17 events):
Event: 0.554 Thread 0x00000252c94c9960 Exception <a 'java/lang/NoSuchMethodError'{0x0000000710453180}: 'java.lang.Object java.lang.invoke.DirectMethodHandle$Holder.invokeStatic(java.lang.Object)'> (0x0000000710453180) 
thrown [./open/src/hotspot/share/interpreter/linkResolver.cpp, line 782]
Event: 0.554 Thread 0x00000252c94c9960 Exception <a 'java/lang/NoSuchMethodError'{0x00000007104569b0}: 'java.lang.Object java.lang.invoke.DirectMethodHandle$Holder.invokeStaticInit(java.lang.Object)'> (0x00000007104569b0) 
thrown [./open/src/hotspot/share/interpreter/linkResolver.cpp, line 782]
Event: 0.566 Thread 0x00000252c94c9960 Exception <a 'java/lang/NoSuchMethodError'{0x00000007104ba870}: 'void java.lang.invoke.DirectMethodHandle$Holder.invokeStatic(java.lang.Object, java.lang.Object)'> (0x00000007104ba870) 
thrown [./open/src/hotspot/share/interpreter/linkResolver.cpp, line 782]
Event: 0.567 Thread 0x00000252c94c9960 Exception <a 'java/lang/NoSuchMethodError'{0x00000007104c01a8}: 'void java.lang.invoke.DirectMethodHandle$Holder.invokeSpecial(java.lang.Object, java.lang.Object, java.lang.Object)'> (0x00000007104c01a8) 
thrown [./open/src/hotspot/share/interpreter/linkResolver.cpp, line 782]
Event: 0.570 Thread 0x00000252c94c9960 Exception <a 'java/lang/NoSuchMethodError'{0x00000007104d4e18}: 'java.lang.Object java.lang.invoke.DirectMethodHandle$Holder.invokeStatic(java.lang.Object, java.lang.Object, int)'> (0x00000007104d4e18) 
thrown [./open/src/hotspot/share/interpreter/linkResolver.cpp, line 782]
Event: 0.572 Thread 0x00000252c94c9960 Exception <a 'java/lang/NoSuchMethodError'{0x00000007104e11c0}: 'void java.lang.invoke.DelegatingMethodHandle$Holder.delegate(java.lang.Object, java.lang.Object, int, java.lang.Object)'> (0x00000007104e11c0) 
thrown [./open/src/hotspot/share/interpreter/linkResolver.cpp, line 782]
Event: 0.573 Thread 0x00000252c94c9960 Exception <a 'java/lang/NoSuchMethodError'{0x00000007104e5508}: 'int java.lang.invoke.DirectMethodHandle$Holder.invokeSpecial(java.lang.Object, java.lang.Object, java.lang.Object)'> (0x00000007104e5508) 
thrown [./open/src/hotspot/share/interpreter/linkResolver.cpp, line 782]
Event: 0.603 Thread 0x00000252c94c9960 Exception <a 'sun/nio/fs/WindowsException'{0x000000071055b4d0}> (0x000000071055b4d0) 
thrown [./open/src/hotspot/share/prims/jni.cpp, line 578]
Event: 0.604 Thread 0x00000252c94c9960 Exception <a 'sun/nio/fs/WindowsException'{0x000000071055ba30}> (0x000000071055ba30) 
thrown [./open/src/hotspot/share/prims/jni.cpp, line 578]
Event: 0.655 Thread 0x00000252c94c9960 Exception <a 'sun/nio/fs/WindowsException'{0x000000071032bd30}> (0x000000071032bd30) 
thrown [./open/src/hotspot/share/prims/jni.cpp, line 578]
Event: 0.655 Thread 0x00000252c94c9960 Exception <a 'sun/nio/fs/WindowsException'{0x000000071032c0d8}> (0x000000071032c0d8) 
thrown [./open/src/hotspot/share/prims/jni.cpp, line 578]
Event: 0.682 Thread 0x00000252c94c9960 Exception <a 'sun/nio/fs/WindowsException'{0x000000071003e450}> (0x000000071003e450) 
thrown [./open/src/hotspot/share/prims/jni.cpp, line 578]
Event: 0.682 Thread 0x00000252c94c9960 Exception <a 'sun/nio/fs/WindowsException'{0x000000071003e7c8}> (0x000000071003e7c8) 
thrown [./open/src/hotspot/share/prims/jni.cpp, line 578]
Event: 1.156 Thread 0x00000252c94c9960 Exception <a 'sun/nio/fs/WindowsException'{0x0000000710115d98}> (0x0000000710115d98) 
thrown [./open/src/hotspot/share/prims/jni.cpp, line 578]
Event: 1.156 Thread 0x00000252c94c9960 Exception <a 'sun/nio/fs/WindowsException'{0x0000000710116148}> (0x0000000710116148) 
thrown [./open/src/hotspot/share/prims/jni.cpp, line 578]
Event: 1.160 Thread 0x00000252c94c9960 Exception <a 'sun/nio/fs/WindowsException'{0x0000000710132528}> (0x0000000710132528) 
thrown [./open/src/hotspot/share/prims/jni.cpp, line 578]
Event: 1.160 Thread 0x00000252c94c9960 Exception <a 'sun/nio/fs/WindowsException'{0x0000000710132818}> (0x0000000710132818) 
thrown [./open/src/hotspot/share/prims/jni.cpp, line 578]

Events (20 events):
Event: 0.655 loading class java/lang/NoSuchFieldError done
Event: 0.669 loading class java/util/function/BiPredicate
Event: 0.669 loading class java/util/function/BiPredicate done
Event: 0.684 loading class jdk/internal/reflect/UnsafeQualifiedStaticIntegerFieldAccessorImpl
Event: 0.684 loading class jdk/internal/reflect/UnsafeQualifiedStaticIntegerFieldAccessorImpl done
Event: 1.115 Thread 0x00000252edcb64a0 Thread exited: 0x00000252edcb64a0
Event: 1.157 Loaded shared library C:\Users\negre\AppData\Local\Temp\lwjglbalrog\3.2.3-build-13\lwjgl_opengl.dll
Event: 1.171 Executing VM operation: HandshakeAllThreads
Event: 1.171 Executing VM operation: HandshakeAllThreads done
Event: 1.190 Executing VM operation: G1CollectForAllocation
Event: 1.194 Executing VM operation: G1CollectForAllocation done
Event: 1.197 Loaded shared library C:\Program Files\Java\jdk-15.0.2\bin\zip.dll
Event: 1.207 Loaded shared library C:\Users\negre\AppData\Local\Temp\lwjglbalrog\3.2.3-build-13\lwjgl.dll
Event: 1.215 Loaded shared library C:\Users\negre\AppData\Local\Temp\lwjglbalrog\3.2.3-build-13\lwjgl.dll
Event: 1.219 Loaded shared library C:\Users\negre\AppData\Local\Temp\lwjglbalrog\3.2.3-build-13\lwjgl.dll
Event: 1.296 Thread 0x00000252eef39420 Thread added: 0x00000252eef39420
Event: 1.402 loading class jdk/internal/reflect/UnsafeQualifiedLongFieldAccessorImpl
Event: 1.402 loading class jdk/internal/reflect/UnsafeQualifiedFieldAccessorImpl
Event: 1.402 loading class jdk/internal/reflect/UnsafeQualifiedFieldAccessorImpl done
Event: 1.402 loading class jdk/internal/reflect/UnsafeQualifiedLongFieldAccessorImpl done


Dynamic libraries:
0x00007ff6c83d0000 - 0x00007ff6c83df000 	C:\Program Files\Java\jdk-15.0.2\bin\java.exe
0x00007ffed5ff0000 - 0x00007ffed61e5000 	C:\WINDOWS\SYSTEM32\ntdll.dll
0x00007ffed58e0000 - 0x00007ffed599d000 	C:\WINDOWS\System32\KERNEL32.DLL
0x00007ffed3b60000 - 0x00007ffed3e29000 	C:\WINDOWS\System32\KERNELBASE.dll
0x00007ffed38c0000 - 0x00007ffed39c0000 	C:\WINDOWS\System32\ucrtbase.dll
0x00007ffe883a0000 - 0x00007ffe883b8000 	C:\Program Files\Java\jdk-15.0.2\bin\jli.dll
0x00007ffe890f0000 - 0x00007ffe89109000 	C:\Program Files\Java\jdk-15.0.2\bin\VCRUNTIME140.dll
0x00007ffed52f0000 - 0x00007ffed539c000 	C:\WINDOWS\System32\ADVAPI32.dll
0x00007ffed5d00000 - 0x00007ffed5d9e000 	C:\WINDOWS\System32\msvcrt.dll
0x00007ffed5250000 - 0x00007ffed52ec000 	C:\WINDOWS\System32\sechost.dll
0x00007ffed42f0000 - 0x00007ffed441b000 	C:\WINDOWS\System32\RPCRT4.dll
0x00007ffed5690000 - 0x00007ffed5830000 	C:\WINDOWS\System32\USER32.dll
0x00007ffebcf50000 - 0x00007ffebd1ea000 	C:\WINDOWS\WinSxS\amd64_microsoft.windows.common-controls_6595b64144ccf1df_6.0.19041.844_none_ca00b6081b84eb1d\COMCTL32.dll
0x00007ffed3fa0000 - 0x00007ffed3fc2000 	C:\WINDOWS\System32\win32u.dll
0x00007ffed42c0000 - 0x00007ffed42ea000 	C:\WINDOWS\System32\GDI32.dll
0x00007ffed3e90000 - 0x00007ffed3f9b000 	C:\WINDOWS\System32\gdi32full.dll
0x00007ffec99c0000 - 0x00007ffec99ca000 	C:\WINDOWS\SYSTEM32\VERSION.dll
0x00007ffed3a10000 - 0x00007ffed3aad000 	C:\WINDOWS\System32\msvcp_win.dll
0x00007ffed4280000 - 0x00007ffed42b0000 	C:\WINDOWS\System32\IMM32.DLL
0x00007ffeae1b0000 - 0x00007ffeae1bc000 	C:\Program Files\Java\jdk-15.0.2\bin\vcruntime140_1.dll
0x00007ffe81040000 - 0x00007ffe810d1000 	C:\Program Files\Java\jdk-15.0.2\bin\msvcp140.dll
0x00007ffe55fb0000 - 0x00007ffe56b0e000 	C:\Program Files\Java\jdk-15.0.2\bin\server\jvm.dll
0x00007ffed42b0000 - 0x00007ffed42b8000 	C:\WINDOWS\System32\PSAPI.DLL
0x00007ffeb81e0000 - 0x00007ffeb81e9000 	C:\WINDOWS\SYSTEM32\WSOCK32.dll
0x00007ffec8110000 - 0x00007ffec8137000 	C:\WINDOWS\SYSTEM32\WINMM.dll
0x00007ffed4c90000 - 0x00007ffed4cfb000 	C:\WINDOWS\System32\WS2_32.dll
0x00007ffed1670000 - 0x00007ffed1682000 	C:\WINDOWS\SYSTEM32\kernel.appcore.dll
0x00007ffeae090000 - 0x00007ffeae09a000 	C:\Program Files\Java\jdk-15.0.2\bin\jimage.dll
0x00007ffeb0bb0000 - 0x00007ffeb0d94000 	C:\WINDOWS\SYSTEM32\DBGHELP.DLL
0x00007ffeb0b40000 - 0x00007ffeb0b6c000 	C:\WINDOWS\SYSTEM32\dbgcore.DLL
0x00007ffed3fd0000 - 0x00007ffed4050000 	C:\WINDOWS\System32\bcryptPrimitives.dll
0x00007ffea1ac0000 - 0x00007ffea1af9000 	C:\Program Files\Java\jdk-15.0.2\bin\jdwp.dll
0x00007ffe85230000 - 0x00007ffe85255000 	C:\Program Files\Java\jdk-15.0.2\bin\java.dll
0x00007ffed4420000 - 0x00007ffed4b62000 	C:\WINDOWS\System32\SHELL32.dll
0x00007ffed1870000 - 0x00007ffed2000000 	C:\WINDOWS\SYSTEM32\windows.storage.dll
0x00007ffed59a0000 - 0x00007ffed5cf5000 	C:\WINDOWS\System32\combase.dll
0x00007ffed3180000 - 0x00007ffed31ac000 	C:\WINDOWS\SYSTEM32\Wldp.dll
0x00007ffed5830000 - 0x00007ffed58de000 	C:\WINDOWS\System32\SHCORE.dll
0x00007ffed53a0000 - 0x00007ffed53f5000 	C:\WINDOWS\System32\shlwapi.dll
0x00007ffed3670000 - 0x00007ffed368f000 	C:\WINDOWS\SYSTEM32\profapi.dll
0x00007ffebb460000 - 0x00007ffebb46b000 	C:\Program Files\Java\jdk-15.0.2\bin\dt_socket.dll
0x00007ffed2b80000 - 0x00007ffed2bbb000 	C:\WINDOWS\SYSTEM32\IPHLPAPI.DLL
0x00007ffed2ed0000 - 0x00007ffed2f3a000 	C:\WINDOWS\system32\mswsock.dll
0x00007ffed2bc0000 - 0x00007ffed2c8b000 	C:\WINDOWS\SYSTEM32\DNSAPI.dll
0x00007ffed4050000 - 0x00007ffed4058000 	C:\WINDOWS\System32\NSI.dll
0x000000005f460000 - 0x000000005f486000 	C:\Program Files\Bonjour\mdnsNSP.dll
0x00007ffecc360000 - 0x00007ffecc36a000 	C:\Windows\System32\rasadhlp.dll
0x00007ffec9a60000 - 0x00007ffec9adf000 	C:\WINDOWS\System32\fwpuclnt.dll
0x00007ffed3890000 - 0x00007ffed38b7000 	C:\WINDOWS\System32\bcrypt.dll
0x00007ffe881e0000 - 0x00007ffe881f9000 	C:\Program Files\Java\jdk-15.0.2\bin\net.dll
0x00007ffecac40000 - 0x00007ffecad4c000 	C:\WINDOWS\SYSTEM32\WINHTTP.dll
0x00007ffe81f20000 - 0x00007ffe81f32000 	C:\Program Files\Java\jdk-15.0.2\bin\nio.dll
0x00007ffe81da0000 - 0x00007ffe81db8000 	C:\Program Files\Java\jdk-15.0.2\bin\zip.dll
0x00007ffe91a30000 - 0x00007ffe91a94000 	C:\Users\negre\AppData\Local\Temp\lwjglbalrog\3.2.3-build-13\lwjgl.dll
0x00007ffe885c0000 - 0x00007ffe88813000 	C:\Users\negre\AppData\Local\Temp\lwjglbalrog\3.2.3-build-13\jemalloc.dll
0x00007ffe88550000 - 0x00007ffe885b2000 	C:\Users\negre\AppData\Local\Temp\lwjglbalrog\3.2.3-build-13\glfw.dll
0x00007ffed1110000 - 0x00007ffed11ae000 	C:\WINDOWS\system32\uxtheme.dll
0x00007ffea1a70000 - 0x00007ffea1ab5000 	C:\WINDOWS\SYSTEM32\dinput8.dll
0x00007ffe956f0000 - 0x00007ffe95701000 	C:\WINDOWS\SYSTEM32\xinput1_4.dll
0x00007ffed39c0000 - 0x00007ffed3a0e000 	C:\WINDOWS\System32\cfgmgr32.dll
0x00007ffed34e0000 - 0x00007ffed350c000 	C:\WINDOWS\SYSTEM32\DEVOBJ.dll
0x00007ffed1380000 - 0x00007ffed13af000 	C:\WINDOWS\SYSTEM32\dwmapi.dll
0x00007ffec6580000 - 0x00007ffec66d2000 	C:\WINDOWS\SYSTEM32\inputhost.dll
0x00007ffed5490000 - 0x00007ffed555d000 	C:\WINDOWS\System32\OLEAUT32.dll
0x00007ffed0cd0000 - 0x00007ffed0dc2000 	C:\WINDOWS\SYSTEM32\CoreMessaging.dll
0x00007ffecfd50000 - 0x00007ffecfe47000 	C:\WINDOWS\SYSTEM32\PROPSYS.dll
0x00007ffecff70000 - 0x00007ffed00c4000 	C:\WINDOWS\SYSTEM32\wintypes.dll
0x00007ffed0830000 - 0x00007ffed0b8e000 	C:\WINDOWS\SYSTEM32\CoreUIComponents.dll
0x00007ffed2440000 - 0x00007ffed2473000 	C:\WINDOWS\SYSTEM32\ntmarta.dll
0x00007ffed4b70000 - 0x00007ffed4c85000 	C:\WINDOWS\System32\MSCTF.dll
0x00007ffed2000000 - 0x00007ffed200d000 	C:\WINDOWS\SYSTEM32\HID.DLL
0x00007ffed4de0000 - 0x00007ffed5249000 	C:\WINDOWS\System32\SETUPAPI.DLL
0x00007ffed3e30000 - 0x00007ffed3e90000 	C:\WINDOWS\System32\WINTRUST.dll
0x00007ffed3730000 - 0x00007ffed388f000 	C:\WINDOWS\System32\CRYPT32.dll
0x00007ffed3320000 - 0x00007ffed3332000 	C:\WINDOWS\SYSTEM32\MSASN1.dll
0x00007ffe80db0000 - 0x00007ffe80ed6000 	C:\WINDOWS\SYSTEM32\opengl32.dll
0x00007ffe956c0000 - 0x00007ffe956ec000 	C:\WINDOWS\SYSTEM32\GLU32.dll
0x00007ffed55c0000 - 0x00007ffed5669000 	C:\WINDOWS\System32\clbcatq.dll
0x00007ffe53610000 - 0x00007ffe55fa3000 	C:\WINDOWS\System32\DriverStore\FileRepository\nvaki.inf_amd64_24eb043d489b0b94\nvoglv64.dll
0x00007ffed5da0000 - 0x00007ffed5eca000 	C:\WINDOWS\System32\ole32.dll
0x00007ffecfec0000 - 0x00007ffecfed4000 	C:\WINDOWS\SYSTEM32\WTSAPI32.dll
0x00007ffec8530000 - 0x00007ffec8561000 	C:\WINDOWS\SYSTEM32\cryptnet.dll
0x00007ffed3090000 - 0x00007ffed309c000 	C:\WINDOWS\SYSTEM32\cryptbase.dll
0x00007ffec86a0000 - 0x00007ffec86db000 	C:\WINDOWS\SYSTEM32\dxcore.dll
0x00007ffea30e0000 - 0x00007ffea338e000 	C:\WINDOWS\system32\nvspcap64.dll
0x00007ffed2cf0000 - 0x00007ffed2d3b000 	C:\WINDOWS\SYSTEM32\powrprof.dll
0x00007ffed2b60000 - 0x00007ffed2b72000 	C:\WINDOWS\SYSTEM32\UMPDC.dll
0x00007ffed24f0000 - 0x00007ffed254a000 	C:\WINDOWS\SYSTEM32\WINSTA.dll
0x00007ffec6480000 - 0x00007ffec657b000 	C:\WINDOWS\SYSTEM32\textinputframework.dll
0x00007ffe955b0000 - 0x00007ffe95609000 	C:\Users\negre\AppData\Local\Temp\lwjglbalrog\3.2.3-build-13\lwjgl_opengl.dll

dbghelp: loaded successfully - version: 4.0.5 - missing functions: none
symbol engine: initialized successfully - sym options: 0x614 - pdb path: .;C:\Program Files\Java\jdk-15.0.2\bin;C:\WINDOWS\SYSTEM32;C:\WINDOWS\WinSxS\amd64_microsoft.windows.common-controls_6595b64144ccf1df_6.0.19041.844_none_ca00b6081b84eb1d;C:\Program Files\Java\jdk-15.0.2\bin\server;C:\Program Files\Bonjour;C:\Users\negre\AppData\Local\Temp\lwjglbalrog\3.2.3-build-13;C:\WINDOWS\System32\DriverStore\FileRepository\nvaki.inf_amd64_24eb043d489b0b94

VM Arguments:
jvm_args: -agentlib:jdwp=transport=dt_socket,server=n,suspend=y,address=localhost:53613 --enable-preview -XX:+ShowCodeDetailsInExceptionMessages -Dfile.encoding=UTF-8 
java_command: App
java_class_path (initial): C:\Users\negre\AppData\Roaming\Code\User\workspaceStorage\08eba73cb9a6ee4ecf0cb3b7d0f355d9\redhat.java\jdt_ws\7map_b3229acf\bin;C:\Users\negre\Documents\GitHub\7map\src\lib\lwjgl-3.2.3\lwjgl-nuklear\lwjgl-nuklear.jar;C:\Users\negre\Documents\GitHub\7map\src\lib\lwjgl-3.2.3\lwjgl-tinyexr\lwjgl-tinyexr-natives-windows.jar;C:\Users\negre\Documents\GitHub\7map\src\lib\lwjgl-3.2.3\lwjgl-tinyfd\lwjgl-tinyfd-natives-macos.jar;C:\Users\negre\Documents\GitHub\7map\src\lib\lwjgl-3.2.3\lwjgl-xxhash\lwjgl-xxhash-javadoc.jar;C:\Users\negre\Documents\GitHub\7map\src\lib\lwjgl-3.2.3\lwjgl-glfw\lwjgl-glfw-natives-linux-arm32.jar;C:\Users\negre\Documents\GitHub\7map\src\lib\lwjgl-3.2.3\lwjgl-par\lwjgl-par.jar;C:\Users\negre\Documents\GitHub\7map\src\lib\lwjgl-3.2.3\lwjgl-vma\lwjgl-vma-natives-linux-arm32.jar;C:\Users\negre\Documents\GitHub\7map\src\lib\lwjgl-3.2.3\lwjgl\lwjgl-natives-linux-arm32.jar;C:\Users\negre\Documents\GitHub\7map\src\lib\lwjgl-3.2.3\lwjgl-openal\lwjgl-openal-natives-windows-x86.jar;C:\Users\negre\Documents\GitHub\7map\src\lib\lwjgl-3.2.3\lwjgl-tinyfd\lwjgl-tinyfd-natives-windows-x86.jar;C:\Users\negre\Documents\GitHub\7map\src\lib\lwjgl-3.2.3\lwjgl-nfd\lwjgl-nfd-natives-windows-x86.jar;C:\Users\negre\Documents\GitHub\7map\src\lib\lwjgl-3.2.3\lwjgl-remotery\lwjgl-remotery-natives-linux-arm64.jar;C:\Users\negre\Documents\GitHub\7map\src\lib\lwjgl-3.2.3\lwjgl-zstd\lwjgl-zstd-natives-linux-arm64.jar;C:\Users\negre\Documents\GitHub\7map\src\lib\lwjgl-3.2.3\lwjgl-jemalloc\lwjgl-jemalloc-natives-linux-arm32.jar;C:\Users\negre\Documents\GitHub\7map\src\lib\lwjgl-3.2.3\lwjgl-jemalloc\lwjgl-jemalloc-natives-windows.jar;C:\Users\negre\Documents\GitHub\7map\src\lib\lwjgl-3.2.3\lwjgl-lz4\lwjgl-lz4-natives-macos.jar;C:\Users\negre\Documents\GitHub\7map\src\lib\lwjgl-3.2.3\lwjgl-bgfx\lwjgl-bgfx-natives-windows.jar;C:\Users\negre\Documents\GitHub\7map\src\lib\lwjgl-3.2.3\lwjgl-stb\lwjgl-stb-javadoc.jar;C:\Users\negre\Documents\GitHub\7map\src\lib\
Launcher Type: SUN_STANDARD

[Global flags]
     intx CICompilerCount                          = 3                                         {product} {ergonomic}
     uint ConcGCThreads                            = 2                                         {product} {ergonomic}
     uint G1ConcRefinementThreads                  = 6                                         {product} {ergonomic}
   size_t G1HeapRegionSize                         = 2097152                                   {product} {ergonomic}
    uintx GCDrainStackTargetSize                   = 64                                        {product} {ergonomic}
   size_t InitialHeapSize                          = 268435456                                 {product} {ergonomic}
   size_t MarkStackSize                            = 4194304                                   {product} {ergonomic}
   size_t MaxHeapSize                              = 4273995776                                {product} {ergonomic}
   size_t MaxNewSize                               = 2562719744                                {product} {ergonomic}
   size_t MinHeapDeltaBytes                        = 2097152                                   {product} {ergonomic}
   size_t MinHeapSize                              = 8388608                                   {product} {ergonomic}
    uintx NonNMethodCodeHeapSize                   = 5832780                                {pd product} {ergonomic}
    uintx NonProfiledCodeHeapSize                  = 122912730                              {pd product} {ergonomic}
    uintx ProfiledCodeHeapSize                     = 122912730                              {pd product} {ergonomic}
    uintx ReservedCodeCacheSize                    = 251658240                              {pd product} {ergonomic}
     bool SegmentedCodeCache                       = true                                      {product} {ergonomic}
     bool ShowCodeDetailsInExceptionMessages       = true                                   {manageable} {command line}
   size_t SoftMaxHeapSize                          = 4273995776                             {manageable} {ergonomic}
     bool UseCompressedClassPointers               = true                                 {lp64_product} {ergonomic}
     bool UseCompressedOops                        = true                                 {lp64_product} {ergonomic}
     bool UseG1GC                                  = true                                      {product} {ergonomic}
     bool UseLargePagesIndividualAllocation        = false                                  {pd product} {ergonomic}

Logging:
Log output configuration:
 #0: stdout all=warning uptime,level,tags
 #1: stderr all=off uptime,level,tags

Environment Variables:
JAVA_HOME=C:\Program Files\Java\jdk-15.0.2
PATH=C:\Program Files\Common Files\Oracle\Java\javapath;C:\Users\negre\AppData\Roaming\ActiveState\bin;C:\Program Files (x86)\Common Files\Intel\Shared Libraries\redist\intel64\compiler;C:\Program Files (x86)\Common Files\Oracle\Java\javapath;C:\Windows\system32;C:\Windows;C:\Coq\bin\;C:\Windows\System32\Wbem;C:\Windows\System32\WindowsPowerShell\v1.0\;C:\Windows\System32\OpenSSH\;C:\Program Files (x86)\NVIDIA Corporation\PhysX\Common;C:\Program Files\NVIDIA Corporation\NVIDIA NvDLISR;C:\Program Files\Intel\WiFi\bin\;C:\Program Files\Common Files\Intel\WirelessCommon\;C:\Program Files\Git\cmd;C:\Program Files (x86)\mingw-w64\i686-8.1.0-posix-dwarf-rt_v6-rev0\mingw32\bin;C:\WINDOWS\system32;C:\WINDOWS;C:\WINDOWS\System32\Wbem;C:\WINDOWS\System32\WindowsPowerShell\v1.0\;C:\WINDOWS\System32\OpenSSH\;C:\Users\negre\AppData\Roaming\Microsoft\Windows\Start Menu\Programs\Coq\Coq;C:\Program Files\TortoiseSVN\bin;C:\Program Files\TortoiseSVN\;C:\Program Files\Polyspace\R2020a\runtime\win64;C:\Program Files\Polyspace\R2020a\bin;C:\Program Files\Polyspace\R2020a\polyspace\bin;C:\Program Files\nodejs\;C:\ProgramData\chocolatey\bin;C:\Users\negre\Downloads\Data;C:\Program Files\Docker\Docker\resources\bin;C:\ProgramData\DockerDesktop\version-bin;C:\Program Files\Java\jdk-15.0.2\bin;C:\Users\negre\scoop\shims;C:\Users\negre\AppData\Local\Programs\Python\Python39\Scripts\;C:\Users\negre\AppData\Local\Programs\Python\Python39\;C:\Users\negre\AppData\Local\Microsoft\WindowsApps;C:\Users\negre\AppData\Local\GitHubDesktop\bin;C:\Users\negre\AppData\Local\Programs\Microsoft VS Code\bin;C:\Users\negre\AppData\Local\Microsoft\WindowsApps;C:\Users\negre\AppData\Roaming\Microsoft\Windows\Start Menu\Programs\Coq\Coq;C:\Coq\bin\coqide.exe;C:\Users\negre\AppData\Roaming\npm;
USERNAME=balrog
LANG=fr_FR.UTF-8
OS=Windows_NT
PROCESSOR_IDENTIFIER=Intel64 Family 6 Model 158 Stepping 10, GenuineIntel



---------------  S Y S T E M  ---------------

OS:
 Windows 10 , 64 bit Build 19041 (10.0.19041.804)
OS uptime: 0 days 12:23 hours
HyperV virtualization detected

CPU: total 6 (initial active 6) (6 cores per cpu, 1 threads per core) family 6 model 158 stepping 10 microcode 0xde, cmov, cx8, fxsr, mmx, sse, sse2, sse3, ssse3, sse4.1, sse4.2, popcnt, vzeroupper, avx, avx2, aes, clmul, erms, 3dnowpref, lzcnt, tsc, tscinvbit, bmi1, bmi2, adx, fma, clflush, clflushopt

Memory: 4k page, system-wide physical 16303M (7165M free)
TotalPageFile size 23727M (AvailPageFile size 7692M)
current process WorkingSet (physical memory assigned to process): 117M, peak: 118M
current process commit charge ("private bytes"): 429M, peak: 430M

vm_info: Java HotSpot(TM) 64-Bit Server VM (15.0.2+7-27) for windows-amd64 JRE (15.0.2+7-27), built on Dec  7 2020 20:07:01 by "mach5one" with unknown MS VC++:1925

END.
