#
# A fatal error has been detected by the Java Runtime Environment:
#
#  EXCEPTION_ACCESS_VIOLATION (0xc0000005) at pc=0x000001a3e026607d, pid=17964, tid=6184
#
# JRE version: Java(TM) SE Runtime Environment (15.0.2+7) (build 15.0.2+7-27)
# Java VM: Java HotSpot(TM) 64-Bit Server VM (15.0.2+7-27, mixed mode, sharing, tiered, compressed oops, g1 gc, windows-amd64)
# Problematic frame:
# j  org.lwjgl.system.MemoryUtil.memGlobalRefToObject(J)Ljava/lang/Object;+0
#
# No core dump will be written. Minidumps are not enabled by default on client versions of Windows
#
# If you would like to submit a bug report, please visit:
#   https://bugreport.java.com/bugreport/crash.jsp
#

---------------  S U M M A R Y ------------

Command Line: -agentlib:jdwp=transport=dt_socket,server=n,suspend=y,address=localhost:53016 --enable-preview -XX:+ShowCodeDetailsInExceptionMessages -Dfile.encoding=UTF-8 App

Host: Intel(R) Core(TM) i5-9400F CPU @ 2.90GHz, 6 cores, 15G,  Windows 10 , 64 bit Build 19041 (10.0.19041.804)
Time: Thu Apr  1 23:44:44 2021 Paris, Madrid (heure d’été) elapsed time: 2.368956 seconds (0d 0h 0m 2s)

---------------  T H R E A D  ---------------

Current thread (0x000001a3d5ffe990):  JavaThread "main" [_thread_in_Java, id=6184, stack(0x0000007b8df00000,0x0000007b8e000000)]

Stack: [0x0000007b8df00000,0x0000007b8e000000],  sp=0x0000007b8dffef50,  free space=1019k
Native frames: (J=compiled Java code, j=interpreted, Vv=VM code, C=native code)
C  0x000001a3e026607d


siginfo: EXCEPTION_ACCESS_VIOLATION (0xc0000005), reading address 0x0000000041800000


Register to memory mapping:

RIP=0x000001a3e026607d is at code_begin+2397 in an Interpreter codelet
method entry point (kind = native)  [0x000001a3e0265720, 0x000001a3e0266a00]  4832 bytes
RAX=0x0000000041800000 is an unknown value
RBX={method} {0x000001a3fb7712e0} 'memGlobalRefToObject' '(J)Ljava/lang/Object;' in 'org/lwjgl/system/MemoryUtil'
RCX=0x000001a3d5ffecb8 points into unknown readable memory: 0x000001a3ff7f0000 | 00 00 7f ff a3 01 00 00
RDX=0x0000007b8dffefe8 is pointing into the stack for thread: 0x000001a3d5ffe990
RSP=0x0000007b8dffef50 is pointing into the stack for thread: 0x000001a3d5ffe990
RBP=0x0000007b8dffefd8 is pointing into the stack for thread: 0x000001a3d5ffe990
RSI=0x0000000000000148 is an unknown value
RDI=0x000001a3e025bf6e is at code_begin+3950 in an Interpreter codelet
invoke return entry points  [0x000001a3e025b000, 0x000001a3e025d0c0]  8384 bytes
R8 =0x0000000041800000 is an unknown value
R9 =0x0000000000000002 is an unknown value
R10=0x0 is NULL
R11=0x000001a3e0260f3b is at code_begin+27 in an Interpreter codelet
result handlers for native calls  [0x000001a3e0260f20, 0x000001a3e0260f40]  32 bytes
R12=0x0 is NULL
R13=0x000001a3fb7712d0 is pointing into metadata
R14=0x0000007b8dfff000 is pointing into the stack for thread: 0x000001a3d5ffe990
R15=0x000001a3d5ffe990 is a thread


Registers:
RAX=0x0000000041800000, RBX=0x000001a3fb7712d8, RCX=0x000001a3d5ffecb8, RDX=0x0000007b8dffefe8
RSP=0x0000007b8dffef50, RBP=0x0000007b8dffefd8, RSI=0x0000000000000148, RDI=0x000001a3e025bf6e
R8 =0x0000000041800000, R9 =0x0000000000000002, R10=0x0000000000000000, R11=0x000001a3e0260f3b
R12=0x0000000000000000, R13=0x000001a3fb7712d0, R14=0x0000007b8dfff000, R15=0x000001a3d5ffe990
RIP=0x000001a3e026607d, EFLAGS=0x0000000000010246

Top of Stack: (sp=0x0000007b8dffef50)
0x0000007b8dffef50:   0000000000000000 000001a3e0265f02
0x0000007b8dffef60:   000001a3fb7712d8 0000000000000148
0x0000007b8dffef70:   0000007b8dffefe8 000001a3e025bf6e
0x0000007b8dffef80:   000000070fe277f8 000001a3e02657d6
0x0000007b8dffef90:   0000007b8dffef90 000001a3fb7712d0
0x0000007b8dffefa0:   0000007b8dfff000 000001a3fb776e88
0x0000007b8dffefb0:   0000000000000000 000000070fe904e8
0x0000007b8dffefc0:   000001a3fb7712d8 0000000000000000
0x0000007b8dffefd0:   0000007b8dffeff8 0000007b8dfff050
0x0000007b8dffefe0:   000001a3e025c8b0 000000070fe904e8
0x0000007b8dffeff0:   000001a3e0260f3b 0000000041800000
0x0000007b8dfff000:   0000000000000000 0000007b8dfff008
0x0000007b8dfff010:   000001a3fb74cbdc 0000007b8dfff068
0x0000007b8dfff020:   000001a3fb755200 0000000000000000
0x0000007b8dfff030:   000000070fe93cf8 000001a3fb74cbf8
0x0000007b8dfff040:   0000007b8dffeff8 0000007b8dfff060 

Instructions: (pc=0x000001a3e026607d)
0x000001a3e0265f7d:   08 00 00 00 49 ba 00 00 00 00 00 00 00 00 4d 89
0x000001a3e0265f8d:   97 08 03 00 00 49 ba 00 00 00 00 00 00 00 00 4d
0x000001a3e0265f9d:   89 97 18 03 00 00 49 ba 00 00 00 00 00 00 00 00
0x000001a3e0265fad:   4d 89 97 10 03 00 00 c5 f8 77 4d 8b 9f e8 00 00
0x000001a3e0265fbd:   00 41 c7 83 00 01 00 00 00 00 00 00 49 bb 3b 0f
0x000001a3e0265fcd:   26 e0 a3 01 00 00 4c 3b 5d 18 0f 85 be 00 00 00
0x000001a3e0265fdd:   48 8b 04 24 48 83 c4 10 48 85 c0 0f 84 92 00 00
0x000001a3e0265fed:   00 48 a9 01 00 00 00 0f 84 83 00 00 00 48 8b 40
0x000001a3e0265ffd:   ff 41 80 7f 30 00 0f 84 6f 00 00 00 48 83 f8 00
0x000001a3e026600d:   0f 84 65 00 00 00 4d 8b 5f 38 49 83 fb 00 0f 84
0x000001a3e026601d:   14 00 00 00 49 83 eb 08 4d 89 5f 38 4d 03 5f 48
0x000001a3e026602d:   49 89 03 e9 43 00 00 00 50 49 8b d7 48 8b c8 48
0x000001a3e026603d:   83 ec 20 f7 c4 0f 00 00 00 0f 84 1a 00 00 00 48
0x000001a3e026604d:   83 ec 08 49 ba 00 cd 24 56 fe 7f 00 00 41 ff d2
0x000001a3e026605d:   48 83 c4 08 e9 0d 00 00 00 49 ba 00 cd 24 56 fe
0x000001a3e026606d:   7f 00 00 41 ff d2 48 83 c4 20 58 e9 03 00 00 00
0x000001a3e026607d:   48 8b 00 48 89 45 10 48 83 ec 10 48 89 04 24 49
0x000001a3e026608d:   ba 00 00 00 00 00 00 00 00 4c 89 54 24 08 41 81
0x000001a3e026609d:   bf e8 03 00 00 02 00 00 00 0f 85 c0 00 00 00 48
0x000001a3e02660ad:   81 ec 80 00 00 00 48 89 44 24 78 48 89 4c 24 70
0x000001a3e02660bd:   48 89 54 24 68 48 89 5c 24 60 48 89 6c 24 50 48
0x000001a3e02660cd:   89 74 24 48 48 89 7c 24 40 4c 89 44 24 38 4c 89
0x000001a3e02660dd:   4c 24 30 4c 89 54 24 28 4c 89 5c 24 20 4c 89 64
0x000001a3e02660ed:   24 18 4c 89 6c 24 10 4c 89 74 24 08 4c 89 3c 24
0x000001a3e02660fd:   4c 8b e4 48 83 ec 20 48 83 e4 f0 49 ba 00 40 64
0x000001a3e026610d:   56 fe 7f 00 00 41 ff d2 49 8b e4 4c 8b 3c 24 4c
0x000001a3e026611d:   8b 74 24 08 4c 8b 6c 24 10 4c 8b 64 24 18 4c 8b
0x000001a3e026612d:   5c 24 20 4c 8b 54 24 28 4c 8b 4c 24 30 4c 8b 44
0x000001a3e026613d:   24 38 48 8b 7c 24 40 48 8b 74 24 48 48 8b 6c 24
0x000001a3e026614d:   50 48 8b 5c 24 60 48 8b 54 24 68 48 8b 4c 24 70
0x000001a3e026615d:   48 8b 44 24 78 48 81 c4 80 00 00 00 4d 33 e4 48
0x000001a3e026616d:   8b 5d e8 4c 8b 6b 08 4d 8d 6d 38 49 81 7f 08 00 


Stack slot to memory mapping:
stack at sp + 0 slots: 0x0 is NULL
stack at sp + 1 slots: 0x000001a3e0265f02 is at code_begin+2018 in an Interpreter codelet
method entry point (kind = native)  [0x000001a3e0265720, 0x000001a3e0266a00]  4832 bytes
stack at sp + 2 slots: {method} {0x000001a3fb7712e0} 'memGlobalRefToObject' '(J)Ljava/lang/Object;' in 'org/lwjgl/system/MemoryUtil'
stack at sp + 3 slots: 0x0000000000000148 is an unknown value
stack at sp + 4 slots: 0x0000007b8dffefe8 is pointing into the stack for thread: 0x000001a3d5ffe990
stack at sp + 5 slots: 0x000001a3e025bf6e is at code_begin+3950 in an Interpreter codelet
invoke return entry points  [0x000001a3e025b000, 0x000001a3e025d0c0]  8384 bytes
stack at sp + 6 slots: 0x000000070fe277f8 is an oop: java.lang.Class 
{0x000000070fe277f8} - klass: 'java/lang/Class'
stack at sp + 7 slots: 0x000001a3e02657d6 is at code_begin+182 in an Interpreter codelet
method entry point (kind = native)  [0x000001a3e0265720, 0x000001a3e0266a00]  4832 bytes

method entry point (kind = native)  [0x000001a3e0265720, 0x000001a3e0266a00]  4832 bytes
[MachCode]
  0x000001a3e0265720: 488b 4b08 | 0fb7 4934 | 584c 8d74 | ccf8 6800 | 0000 0068 | 0000 0000 | 5055 488b | ec41 5568 
  0x000001a3e0265740: 0000 0000 | 4c8b 6b08 | 4d8d 6d38 | 5348 8b53 | 0848 8b52 | 0848 8b52 | 1848 8b52 | 7048 8b12 
  0x000001a3e0265760: 5248 8b53 | 1048 85d2 | 0f84 0700 | 0000 4881 | c240 0100 | 0052 488b | 5308 488b | 5208 488b 
  0x000001a3e0265780: 5210 5241 | 5668 0000 | 0000 6800 | 0000 0048 | 8924 2441 | c687 bd03 | 0000 0148 | 8b43 1048 
  0x000001a3e02657a0: 85c0 7420 | 8b88 0401 | 0000 83c1 | 0289 8804 | 0100 0023 | 8818 0100 | 000f 84b3 | 1000 00e9 
  0x000001a3e02657c0: a501 0000 | 488b 4318 | 4885 c00f | 8586 0100 | 00e8 0500 | 0000 e96f | 0100 0048 | 8bd3 488d 
  0x000001a3e02657e0: 4424 084c | 896d c049 | 8bcf c5f8 | 7749 89af | 1803 0000 | 4989 8708 | 0300 0048 | 83ec 20f7 
  0x000001a3e0265800: c40f 0000 | 000f 841a | 0000 0048 | 83ec 0849 | bab0 982f | 56fe 7f00 | 0041 ffd2 | 4883 c408 
  0x000001a3e0265820: e90d 0000 | 0049 bab0 | 982f 56fe | 7f00 0041 | ffd2 4883 | c420 49ba | 0000 0000 | 0000 0000 
  0x000001a3e0265840: 4d89 9708 | 0300 0049 | ba00 0000 | 0000 0000 | 004d 8997 | 1803 0000 | 49ba 0000 | 0000 0000 
  0x000001a3e0265860: 0000 4d89 | 9710 0300 | 00c5 f877 | 418b 8f2c | 0400 00f7 | c101 0000 | 000f 8449 | 0000 00f7 
  0x000001a3e0265880: c102 0000 | 000f 853d | 0000 0048 | 83ec 20f7 | c40f 0000 | 000f 841a | 0000 0048 | 83ec 0849 
  0x000001a3e02658a0: ba90 682f | 56fe 7f00 | 0041 ffd2 | 4883 c408 | e90d 0000 | 0049 ba90 | 682f 56fe | 7f00 0041 
  0x000001a3e02658c0: ffd2 4883 | c420 ffe0 | 498b 8f80 | 0400 0048 | 85c9 0f84 | 5600 0000 | 8b49 7c83 | f901 0f85 
  0x000001a3e02658e0: 4a00 0000 | 498b 8f80 | 0400 008b | 8980 0000 | 0048 83ec | 20f7 c40f | 0000 000f | 841a 0000 
  0x000001a3e0265900: 0048 83ec | 0849 ba80 | 682f 56fe | 7f00 0041 | ffd2 4883 | c408 e90d | 0000 0049 | ba80 682f 
  0x000001a3e0265920: 56fe 7f00 | 0041 ffd2 | 4883 c420 | ffe0 4981 | 7f08 0000 | 0000 0f84 | 0500 0000 | e93f b5fe 
  0x000001a3e0265940: ff4c 8b6d | c04c 8b75 | c8c3 488b | 4318 4885 | c00f 8412 | 0000 008b | 4818 83c1 | 0289 4818 
  0x000001a3e0265960: 2348 300f | 8409 0f00 | 0089 8424 | 0090 ffff | 41c6 87bd | 0300 0000 | 418b 9788 | 0400 0085 
  0x000001a3e0265980: d20f 8476 | 0100 00e8 | 0500 0000 | e96c 0100 | 0048 8d44 | 2408 4c89 | 6dc0 498b | cfc5 f877 
  0x000001a3e02659a0: 4989 af18 | 0300 0049 | 8987 0803 | 0000 4883 | ec20 f7c4 | 0f00 0000 | 0f84 1a00 | 0000 4883 
  0x000001a3e02659c0: ec08 49ba | 10c3 2f56 | fe7f 0000 | 41ff d248 | 83c4 08e9 | 0d00 0000 | 49ba 10c3 | 2f56 fe7f 
  0x000001a3e02659e0: 0000 41ff | d248 83c4 | 2049 ba00 | 0000 0000 | 0000 004d | 8997 0803 | 0000 49ba | 0000 0000 
  0x000001a3e0265a00: 0000 0000 | 4d89 9718 | 0300 0049 | ba00 0000 | 0000 0000 | 004d 8997 | 1003 0000 | c5f8 7741 
  0x000001a3e0265a20: 8b8f 2c04 | 0000 f7c1 | 0100 0000 | 0f84 4900 | 0000 f7c1 | 0200 0000 | 0f85 3d00 | 0000 4883 
  0x000001a3e0265a40: ec20 f7c4 | 0f00 0000 | 0f84 1a00 | 0000 4883 | ec08 49ba | 9068 2f56 | fe7f 0000 | 41ff d248 
  0x000001a3e0265a60: 83c4 08e9 | 0d00 0000 | 49ba 9068 | 2f56 fe7f | 0000 41ff | d248 83c4 | 20ff e049 | 8b8f 8004 
  0x000001a3e0265a80: 0000 4885 | c90f 8456 | 0000 008b | 497c 83f9 | 010f 854a | 0000 0049 | 8b8f 8004 | 0000 8b89 
  0x000001a3e0265aa0: 8000 0000 | 4883 ec20 | f7c4 0f00 | 0000 0f84 | 1a00 0000 | 4883 ec08 | 49ba 8068 | 2f56 fe7f 
  0x000001a3e0265ac0: 0000 41ff | d248 83c4 | 08e9 0d00 | 0000 49ba | 8068 2f56 | fe7f 0000 | 41ff d248 | 83c4 20ff 
  0x000001a3e0265ae0: e049 817f | 0800 0000 | 000f 8405 | 0000 00e9 | 8cb3 feff | 4c8b 6dc0 | 4c8b 75c8 | c349 ba68 
  0x000001a3e0265b00: 31a3 56fe | 7f00 0041 | 803a 000f | 8442 0000 | 0048 8b55 | e849 8bcf | 4883 ec20 | f7c4 0f00 
  0x000001a3e0265b20: 0000 0f84 | 1a00 0000 | 4883 ec08 | 49ba 500c | 6456 fe7f | 0000 41ff | d248 83c4 | 08e9 0d00 
  0x000001a3e0265b40: 0000 49ba | 500c 6456 | fe7f 0000 | 41ff d248 | 83c4 2048 | 8b5d e84c | 8b5b 0845 | 0fb7 5b34 
  0x000001a3e0265b60: 41c1 e303 | 492b e348 | 83ec 2048 | 83e4 f04c | 8b5b 604d | 85db 0f85 | 8101 0000 | e805 0000 
  0x000001a3e0265b80: 00e9 6f01 | 0000 488b | d348 8d44 | 2408 4c89 | 6dc0 498b | cfc5 f877 | 4989 af18 | 0300 0049 
  0x000001a3e0265ba0: 8987 0803 | 0000 4883 | ec20 f7c4 | 0f00 0000 | 0f84 1a00 | 0000 4883 | ec08 49ba | b0c5 2f56 
  0x000001a3e0265bc0: fe7f 0000 | 41ff d248 | 83c4 08e9 | 0d00 0000 | 49ba b0c5 | 2f56 fe7f | 0000 41ff | d248 83c4 
  0x000001a3e0265be0: 2049 ba00 | 0000 0000 | 0000 004d | 8997 0803 | 0000 49ba | 0000 0000 | 0000 0000 | 4d89 9718 
  0x000001a3e0265c00: 0300 0049 | ba00 0000 | 0000 0000 | 004d 8997 | 1003 0000 | c5f8 7741 | 8b8f 2c04 | 0000 f7c1 
  0x000001a3e0265c20: 0100 0000 | 0f84 4900 | 0000 f7c1 | 0200 0000 | 0f85 3d00 | 0000 4883 | ec20 f7c4 | 0f00 0000 
  0x000001a3e0265c40: 0f84 1a00 | 0000 4883 | ec08 49ba | 9068 2f56 | fe7f 0000 | 41ff d248 | 83c4 08e9 | 0d00 0000 
  0x000001a3e0265c60: 49ba 9068 | 2f56 fe7f | 0000 41ff | d248 83c4 | 20ff e049 | 8b8f 8004 | 0000 4885 | c90f 8456 
  0x000001a3e0265c80: 0000 008b | 497c 83f9 | 010f 854a | 0000 0049 | 8b8f 8004 | 0000 8b89 | 8000 0000 | 4883 ec20 
  0x000001a3e0265ca0: f7c4 0f00 | 0000 0f84 | 1a00 0000 | 4883 ec08 | 49ba 8068 | 2f56 fe7f | 0000 41ff | d248 83c4 
  0x000001a3e0265cc0: 08e9 0d00 | 0000 49ba | 8068 2f56 | fe7f 0000 | 41ff d248 | 83c4 20ff | e049 817f | 0800 0000 
  0x000001a3e0265ce0: 000f 8405 | 0000 00e9 | 94b1 feff | 4c8b 6dc0 | 4c8b 75c8 | c348 8b5d | e84c 8b5b | 6041 ffd3 
  0x000001a3e0265d00: 488b 5de8 | 4889 4518 | 448b 5b20 | 41f7 c308 | 0000 000f | 841b 0000 | 004c 8b5b | 084d 8b5b 
  0x000001a3e0265d20: 084d 8b5b | 184d 8b5b | 704d 8b1b | 4c89 5d10 | 488d 5510 | 488b 4358 | 49ba 805d | 6456 fe7f 
  0x000001a3e0265d40: 0000 493b | c20f 8581 | 0100 00e8 | 0500 0000 | e96f 0100 | 0048 8bd3 | 488d 4424 | 084c 896d 
  0x000001a3e0265d60: c049 8bcf | c5f8 7749 | 89af 1803 | 0000 4989 | 8708 0300 | 0048 83ec | 20f7 c40f | 0000 000f 
  0x000001a3e0265d80: 841a 0000 | 0048 83ec | 0849 bab0 | c52f 56fe | 7f00 0041 | ffd2 4883 | c408 e90d | 0000 0049 
  0x000001a3e0265da0: bab0 c52f | 56fe 7f00 | 0041 ffd2 | 4883 c420 | 49ba 0000 | 0000 0000 | 0000 4d89 | 9708 0300 
  0x000001a3e0265dc0: 0049 ba00 | 0000 0000 | 0000 004d | 8997 1803 | 0000 49ba | 0000 0000 | 0000 0000 | 4d89 9710 
  0x000001a3e0265de0: 0300 00c5 | f877 418b | 8f2c 0400 | 00f7 c101 | 0000 000f | 8449 0000 | 00f7 c102 | 0000 000f 
  0x000001a3e0265e00: 853d 0000 | 0048 83ec | 20f7 c40f | 0000 000f | 841a 0000 | 0048 83ec | 0849 ba90 | 682f 56fe 
  0x000001a3e0265e20: 7f00 0041 | ffd2 4883 | c408 e90d | 0000 0049 | ba90 682f | 56fe 7f00 | 0041 ffd2 | 4883 c420 
  0x000001a3e0265e40: ffe0 498b | 8f80 0400 | 0048 85c9 | 0f84 5600 | 0000 8b49 | 7c83 f901 | 0f85 4a00 | 0000 498b 
  0x000001a3e0265e60: 8f80 0400 | 008b 8980 | 0000 0048 | 83ec 20f7 | c40f 0000 | 000f 841a | 0000 0048 | 83ec 0849 
  0x000001a3e0265e80: ba80 682f | 56fe 7f00 | 0041 ffd2 | 4883 c408 | e90d 0000 | 0049 ba80 | 682f 56fe | 7f00 0041 
  0x000001a3e0265ea0: ffd2 4883 | c420 ffe0 | 4981 7f08 | 0000 0000 | 0f84 0500 | 0000 e9c5 | affe ff4c | 8b6d c04c 
  0x000001a3e0265ec0: 8b75 c8c3 | 488b 5de8 | 488b 4358 | 498d 8f28 | 0300 00c5 | f877 4989 | af18 0300 | 0049 bad3 
  0x000001a3e0265ee0: 5e26 e0a3 | 0100 004d | 8997 1003 | 0000 4989 | a708 0300 | 0041 c787 | 9803 0000 | 0400 0000 
  0x000001a3e0265f00: ffd0 c5f8 | 7748 83ec | 10c5 fb11 | 0424 4883 | ec10 4889 | 0424 49ba | 0000 0000 | 0000 0000 
  0x000001a3e0265f20: 4c89 5424 | 0841 c787 | 9803 0000 | 0500 0000 | f083 4424 | c000 41f6 | 8710 0100 | 0008 0f85 
  0x000001a3e0265f40: 1100 0000 | 4181 bfe0 | 0000 0000 | 0000 000f | 8421 0000 | 0049 8bcf | 4c8b e448 | 83ec 2048 
  0x000001a3e0265f60: 83e4 f049 | ba50 dd6e | 56fe 7f00 | 0041 ffd2 | 498b e44d | 33e4 41c7 | 8798 0300 | 0008 0000 
  0x000001a3e0265f80: 0049 ba00 | 0000 0000 | 0000 004d | 8997 0803 | 0000 49ba | 0000 0000 | 0000 0000 | 4d89 9718 
  0x000001a3e0265fa0: 0300 0049 | ba00 0000 | 0000 0000 | 004d 8997 | 1003 0000 | c5f8 774d | 8b9f e800 | 0000 41c7 
  0x000001a3e0265fc0: 8300 0100 | 0000 0000 | 0049 bb3b | 0f26 e0a3 | 0100 004c | 3b5d 180f | 85be 0000 | 0048 8b04 
  0x000001a3e0265fe0: 2448 83c4 | 1048 85c0 | 0f84 9200 | 0000 48a9 | 0100 0000 | 0f84 8300 | 0000 488b | 40ff 4180 
  0x000001a3e0266000: 7f30 000f | 846f 0000 | 0048 83f8 | 000f 8465 | 0000 004d | 8b5f 3849 | 83fb 000f | 8414 0000 
  0x000001a3e0266020: 0049 83eb | 084d 895f | 384d 035f | 4849 8903 | e943 0000 | 0050 498b | d748 8bc8 | 4883 ec20 
  0x000001a3e0266040: f7c4 0f00 | 0000 0f84 | 1a00 0000 | 4883 ec08 | 49ba 00cd | 2456 fe7f | 0000 41ff | d248 83c4 
  0x000001a3e0266060: 08e9 0d00 | 0000 49ba | 00cd 2456 | fe7f 0000 | 41ff d248 | 83c4 2058 | e903 0000 | 0048 8b00 
  0x000001a3e0266080: 4889 4510 | 4883 ec10 | 4889 0424 | 49ba 0000 | 0000 0000 | 0000 4c89 | 5424 0841 | 81bf e803 
  0x000001a3e02660a0: 0000 0200 | 0000 0f85 | c000 0000 | 4881 ec80 | 0000 0048 | 8944 2478 | 4889 4c24 | 7048 8954 
  0x000001a3e02660c0: 2468 4889 | 5c24 6048 | 896c 2450 | 4889 7424 | 4848 897c | 2440 4c89 | 4424 384c | 894c 2430 
  0x000001a3e02660e0: 4c89 5424 | 284c 895c | 2420 4c89 | 6424 184c | 896c 2410 | 4c89 7424 | 084c 893c | 244c 8be4 
  0x000001a3e0266100: 4883 ec20 | 4883 e4f0 | 49ba 0040 | 6456 fe7f | 0000 41ff | d249 8be4 | 4c8b 3c24 | 4c8b 7424 
  0x000001a3e0266120: 084c 8b6c | 2410 4c8b | 6424 184c | 8b5c 2420 | 4c8b 5424 | 284c 8b4c | 2430 4c8b | 4424 3848 
  0x000001a3e0266140: 8b7c 2440 | 488b 7424 | 4848 8b6c | 2450 488b | 5c24 6048 | 8b54 2468 | 488b 4c24 | 7048 8b44 
  0x000001a3e0266160: 2478 4881 | c480 0000 | 004d 33e4 | 488b 5de8 | 4c8b 6b08 | 4d8d 6d38 | 4981 7f08 | 0000 0000 
  0x000001a3e0266180: 0f84 9201 | 0000 e805 | 0000 00e9 | 6c01 0000 | 488d 4424 | 084c 896d | c049 8bcf | c5f8 7749 
  0x000001a3e02661a0: 89af 1803 | 0000 4989 | 8708 0300 | 0048 83ec | 20f7 c40f | 0000 000f | 841a 0000 | 0048 83ec 
  0x000001a3e02661c0: 0849 ba60 | e72f 56fe | 7f00 0041 | ffd2 4883 | c408 e90d | 0000 0049 | ba60 e72f | 56fe 7f00 
  0x000001a3e02661e0: 0041 ffd2 | 4883 c420 | 49ba 0000 | 0000 0000 | 0000 4d89 | 9708 0300 | 0049 ba00 | 0000 0000 
  0x000001a3e0266200: 0000 004d | 8997 1803 | 0000 49ba | 0000 0000 | 0000 0000 | 4d89 9710 | 0300 00c5 | f877 418b 
  0x000001a3e0266220: 8f2c 0400 | 00f7 c101 | 0000 000f | 8449 0000 | 00f7 c102 | 0000 000f | 853d 0000 | 0048 83ec 
  0x000001a3e0266240: 20f7 c40f | 0000 000f | 841a 0000 | 0048 83ec | 0849 ba90 | 682f 56fe | 7f00 0041 | ffd2 4883 
  0x000001a3e0266260: c408 e90d | 0000 0049 | ba90 682f | 56fe 7f00 | 0041 ffd2 | 4883 c420 | ffe0 498b | 8f80 0400 
  0x000001a3e0266280: 0048 85c9 | 0f84 5600 | 0000 8b49 | 7c83 f901 | 0f85 4a00 | 0000 498b | 8f80 0400 | 008b 8980 
  0x000001a3e02662a0: 0000 0048 | 83ec 20f7 | c40f 0000 | 000f 841a | 0000 0048 | 83ec 0849 | ba80 682f | 56fe 7f00 
  0x000001a3e02662c0: 0041 ffd2 | 4883 c408 | e90d 0000 | 0049 ba80 | 682f 56fe | 7f00 0041 | ffd2 4883 | c420 ffe0 
  0x000001a3e02662e0: 4981 7f08 | 0000 0000 | 0f84 0500 | 0000 e98d | abfe ff4c | 8b6d c04c | 8b75 c8c3 | 48b9 b0eb 
  0x000001a3e0266300: 8056 fe7f | 0000 4883 | e4f0 49ba | e0ad 5156 | fe7f 0000 | 41ff d2f4 | 448b 5b20 | 41f7 c320 
  0x000001a3e0266320: 0000 000f | 844b 0300 | 0048 8d55 | a84c 8b5a | 084d 85db | 0f85 9201 | 0000 e805 | 0000 00e9 
  0x000001a3e0266340: 6c01 0000 | 488d 4424 | 084c 896d | c049 8bcf | c5f8 7749 | 89af 1803 | 0000 4989 | 8708 0300 
  0x000001a3e0266360: 0048 83ec | 20f7 c40f | 0000 000f | 841a 0000 | 0048 83ec | 0849 ba70 | e62f 56fe | 7f00 0041 
  0x000001a3e0266380: ffd2 4883 | c408 e90d | 0000 0049 | ba70 e62f | 56fe 7f00 | 0041 ffd2 | 4883 c420 | 49ba 0000 
  0x000001a3e02663a0: 0000 0000 | 0000 4d89 | 9708 0300 | 0049 ba00 | 0000 0000 | 0000 004d | 8997 1803 | 0000 49ba 
  0x000001a3e02663c0: 0000 0000 | 0000 0000 | 4d89 9710 | 0300 00c5 | f877 418b | 8f2c 0400 | 00f7 c101 | 0000 000f 
  0x000001a3e02663e0: 8449 0000 | 00f7 c102 | 0000 000f | 853d 0000 | 0048 83ec | 20f7 c40f | 0000 000f | 841a 0000 
  0x000001a3e0266400: 0048 83ec | 0849 ba90 | 682f 56fe | 7f00 0041 | ffd2 4883 | c408 e90d | 0000 0049 | ba90 682f 
  0x000001a3e0266420: 56fe 7f00 | 0041 ffd2 | 4883 c420 | ffe0 498b | 8f80 0400 | 0048 85c9 | 0f84 5600 | 0000 8b49 
  0x000001a3e0266440: 7c83 f901 | 0f85 4a00 | 0000 498b | 8f80 0400 | 008b 8980 | 0000 0048 | 83ec 20f7 | c40f 0000 
  0x000001a3e0266460: 000f 841a | 0000 0048 | 83ec 0849 | ba80 682f | 56fe 7f00 | 0041 ffd2 | 4883 c408 | e90d 0000 
  0x000001a3e0266480: 0049 ba80 | 682f 56fe | 7f00 0041 | ffd2 4883 | c420 ffe0 | 4981 7f08 | 0000 0000 | 0f84 0500 
  0x000001a3e02664a0: 0000 e9d9 | a9fe ff4c | 8b6d c04c | 8b75 c8c3 | 48b9 b0eb | 8056 fe7f | 0000 4883 | e4f0 49ba 
  0x000001a3e02664c0: e0ad 5156 | fe7f 0000 | 41ff d2f4 | 4c89 6dc0 | 488d 024c | 8b4a 0848 | c742 0800 | 0000 004c 
  0x000001a3e02664e0: 8b00 4d85 | c00f 8485 | 0100 00f0 | 4d0f b101 | 0f84 7a01 | 0000 4c89 | 4a08 e805 | 0000 00e9 
  0x000001a3e0266500: 6c01 0000 | 488d 4424 | 084c 896d | c049 8bcf | c5f8 7749 | 89af 1803 | 0000 4989 | 8708 0300 
  0x000001a3e0266520: 0048 83ec | 20f7 c40f | 0000 000f | 841a 0000 | 0048 83ec | 0849 ba10 | b32f 56fe | 7f00 0041 
  0x000001a3e0266540: ffd2 4883 | c408 e90d | 0000 0049 | ba10 b32f | 56fe 7f00 | 0041 ffd2 | 4883 c420 | 49ba 0000 
  0x000001a3e0266560: 0000 0000 | 0000 4d89 | 9708 0300 | 0049 ba00 | 0000 0000 | 0000 004d | 8997 1803 | 0000 49ba 
  0x000001a3e0266580: 0000 0000 | 0000 0000 | 4d89 9710 | 0300 00c5 | f877 418b | 8f2c 0400 | 00f7 c101 | 0000 000f 
  0x000001a3e02665a0: 8449 0000 | 00f7 c102 | 0000 000f | 853d 0000 | 0048 83ec | 20f7 c40f | 0000 000f | 841a 0000 
  0x000001a3e02665c0: 0048 83ec | 0849 ba90 | 682f 56fe | 7f00 0041 | ffd2 4883 | c408 e90d | 0000 0049 | ba90 682f 
  0x000001a3e02665e0: 56fe 7f00 | 0041 ffd2 | 4883 c420 | ffe0 498b | 8f80 0400 | 0048 85c9 | 0f84 5600 | 0000 8b49 
  0x000001a3e0266600: 7c83 f901 | 0f85 4a00 | 0000 498b | 8f80 0400 | 008b 8980 | 0000 0048 | 83ec 20f7 | c40f 0000 
  0x000001a3e0266620: 000f 841a | 0000 0048 | 83ec 0849 | ba80 682f | 56fe 7f00 | 0041 ffd2 | 4883 c408 | e90d 0000 
  0x000001a3e0266640: 0049 ba80 | 682f 56fe | 7f00 0041 | ffd2 4883 | c420 ffe0 | 4981 7f08 | 0000 0000 | 0f84 0500 
  0x000001a3e0266660: 0000 e919 | a8fe ff4c | 8b6d c04c | 8b75 c8c3 | 4c8b 6dc0 | 418b 9788 | 0400 0085 | d20f 8476 
  0x000001a3e0266680: 0100 00e8 | 0500 0000 | e96c 0100 | 0048 8d44 | 2408 4c89 | 6dc0 498b | cfc5 f877 | 4989 af18 
  0x000001a3e02666a0: 0300 0049 | 8987 0803 | 0000 4883 | ec20 f7c4 | 0f00 0000 | 0f84 1a00 | 0000 4883 | ec08 49ba 
  0x000001a3e02666c0: 60c4 2f56 | fe7f 0000 | 41ff d248 | 83c4 08e9 | 0d00 0000 | 49ba 60c4 | 2f56 fe7f | 0000 41ff 
  0x000001a3e02666e0: d248 83c4 | 2049 ba00 | 0000 0000 | 0000 004d | 8997 0803 | 0000 49ba | 0000 0000 | 0000 0000 
  0x000001a3e0266700: 4d89 9718 | 0300 0049 | ba00 0000 | 0000 0000 | 004d 8997 | 1003 0000 | c5f8 7741 | 8b8f 2c04 
  0x000001a3e0266720: 0000 f7c1 | 0100 0000 | 0f84 4900 | 0000 f7c1 | 0200 0000 | 0f85 3d00 | 0000 4883 | ec20 f7c4 
  0x000001a3e0266740: 0f00 0000 | 0f84 1a00 | 0000 4883 | ec08 49ba | 9068 2f56 | fe7f 0000 | 41ff d248 | 83c4 08e9 
  0x000001a3e0266760: 0d00 0000 | 49ba 9068 | 2f56 fe7f | 0000 41ff | d248 83c4 | 20ff e049 | 8b8f 8004 | 0000 4885 
  0x000001a3e0266780: c90f 8456 | 0000 008b | 497c 83f9 | 010f 854a | 0000 0049 | 8b8f 8004 | 0000 8b89 | 8000 0000 
  0x000001a3e02667a0: 4883 ec20 | f7c4 0f00 | 0000 0f84 | 1a00 0000 | 4883 ec08 | 49ba 8068 | 2f56 fe7f | 0000 41ff 
  0x000001a3e02667c0: d248 83c4 | 08e9 0d00 | 0000 49ba | 8068 2f56 | fe7f 0000 | 41ff d248 | 83c4 20ff | e049 817f 
  0x000001a3e02667e0: 0800 0000 | 000f 8405 | 0000 00e9 | 90a6 feff | 4c8b 6dc0 | 4c8b 75c8 | c349 ba68 | 31a3 56fe 
  0x000001a3e0266800: 7f00 0041 | 803a 000f | 8442 0000 | 0048 8b55 | e849 8bcf | 4883 ec20 | f7c4 0f00 | 0000 0f84 
  0x000001a3e0266820: 1a00 0000 | 4883 ec08 | 49ba 500c | 6456 fe7f | 0000 41ff | d248 83c4 | 08e9 0d00 | 0000 49ba 
  0x000001a3e0266840: 500c 6456 | fe7f 0000 | 41ff d248 | 83c4 2048 | 8b04 2448 | 83c4 10c5 | fb10 0424 | 4883 c410 
  0x000001a3e0266860: 4c8b 5d18 | 41ff d34c | 8b5d f8c9 | 5f49 8be3 | ffe7 ba00 | 0000 00e8 | 0500 0000 | e96c 0100 
  0x000001a3e0266880: 0048 8d44 | 2408 4c89 | 6dc0 498b | cfc5 f877 | 4989 af18 | 0300 0049 | 8987 0803 | 0000 4883 
  0x000001a3e02668a0: ec20 f7c4 | 0f00 0000 | 0f84 1a00 | 0000 4883 | ec08 49ba | 30a4 2f56 | fe7f 0000 | 41ff d248 
  0x000001a3e02668c0: 83c4 08e9 | 0d00 0000 | 49ba 30a4 | 2f56 fe7f | 0000 41ff | d248 83c4 | 2049 ba00 | 0000 0000 
  0x000001a3e02668e0: 0000 004d | 8997 0803 | 0000 49ba | 0000 0000 | 0000 0000 | 4d89 9718 | 0300 0049 | ba00 0000 
  0x000001a3e0266900: 0000 0000 | 004d 8997 | 1003 0000 | c5f8 7741 | 8b8f 2c04 | 0000 f7c1 | 0100 0000 | 0f84 4900 
  0x000001a3e0266920: 0000 f7c1 | 0200 0000 | 0f85 3d00 | 0000 4883 | ec20 f7c4 | 0f00 0000 | 0f84 1a00 | 0000 4883 
  0x000001a3e0266940: ec08 49ba | 9068 2f56 | fe7f 0000 | 41ff d248 | 83c4 08e9 | 0d00 0000 | 49ba 9068 | 2f56 fe7f 
  0x000001a3e0266960: 0000 41ff | d248 83c4 | 20ff e049 | 8b8f 8004 | 0000 4885 | c90f 8456 | 0000 008b | 497c 83f9 
  0x000001a3e0266980: 010f 854a | 0000 0049 | 8b8f 8004 | 0000 8b89 | 8000 0000 | 4883 ec20 | f7c4 0f00 | 0000 0f84 
  0x000001a3e02669a0: 1a00 0000 | 4883 ec08 | 49ba 8068 | 2f56 fe7f | 0000 41ff | d248 83c4 | 08e9 0d00 | 0000 49ba 
  0x000001a3e02669c0: 8068 2f56 | fe7f 0000 | 41ff d248 | 83c4 20ff | e049 817f | 0800 0000 | 000f 8405 | 0000 00e9 
  0x000001a3e02669e0: 9ca4 feff | 4c8b 6dc0 | 4c8b 75c8 | c348 8b5d | e8e9 73ef | ffff 6690 | 0000 0000 | 0000 0000 
[/MachCode]

---------------  P R O C E S S  ---------------

Threads class SMR info:
_java_thread_list=0x000001a3fd6f0c10, length=14, elements={
0x000001a3d5ffe990, 0x000001a3fbb43bf0, 0x000001a3fbb456e0, 0x000001a3fbb5e700,
0x000001a3fbb60fd0, 0x000001a3fbb61ea0, 0x000001a3fbb66180, 0x000001a3fbb718c0,
0x000001a3fbb733c0, 0x000001a3fbe02dd0, 0x000001a3fbe38ef0, 0x000001a3fbe393e0,
0x000001a3fbe45960, 0x000001a3fbe49860
}

Java Threads: ( => current thread )
=>0x000001a3d5ffe990 JavaThread "main" [_thread_in_Java, id=6184, stack(0x0000007b8df00000,0x0000007b8e000000)]
  0x000001a3fbb43bf0 JavaThread "Reference Handler" daemon [_thread_blocked, id=17292, stack(0x0000007b8e600000,0x0000007b8e700000)]
  0x000001a3fbb456e0 JavaThread "Finalizer" daemon [_thread_blocked, id=4428, stack(0x0000007b8e700000,0x0000007b8e800000)]
  0x000001a3fbb5e700 JavaThread "Signal Dispatcher" daemon [_thread_blocked, id=16732, stack(0x0000007b8e800000,0x0000007b8e900000)]
  0x000001a3fbb60fd0 JavaThread "Attach Listener" daemon [_thread_blocked, id=12880, stack(0x0000007b8e900000,0x0000007b8ea00000)]
  0x000001a3fbb61ea0 JavaThread "Service Thread" daemon [_thread_blocked, id=14904, stack(0x0000007b8ea00000,0x0000007b8eb00000)]
  0x000001a3fbb66180 JavaThread "C2 CompilerThread0" daemon [_thread_blocked, id=4616, stack(0x0000007b8eb00000,0x0000007b8ec00000)]
  0x000001a3fbb718c0 JavaThread "C1 CompilerThread0" daemon [_thread_blocked, id=16388, stack(0x0000007b8ec00000,0x0000007b8ed00000)]
  0x000001a3fbb733c0 JavaThread "Sweeper thread" daemon [_thread_blocked, id=15960, stack(0x0000007b8ed00000,0x0000007b8ee00000)]
  0x000001a3fbe02dd0 JavaThread "JDWP Transport Listener: dt_socket" daemon [_thread_blocked, id=1372, stack(0x0000007b8ee00000,0x0000007b8ef00000)]
  0x000001a3fbe38ef0 JavaThread "JDWP Event Helper Thread" daemon [_thread_blocked, id=16008, stack(0x0000007b8ef00000,0x0000007b8f000000)]
  0x000001a3fbe393e0 JavaThread "JDWP Command Reader" daemon [_thread_in_native, id=19348, stack(0x0000007b8f000000,0x0000007b8f100000)]
  0x000001a3fbe45960 JavaThread "Notification Thread" daemon [_thread_blocked, id=8272, stack(0x0000007b8f100000,0x0000007b8f200000)]
  0x000001a3fbe49860 JavaThread "Common-Cleaner" daemon [_thread_blocked, id=17444, stack(0x0000007b8f300000,0x0000007b8f400000)]

Other Threads:
  0x000001a3fb32e920 VMThread "VM Thread" [stack: 0x0000007b8e500000,0x0000007b8e600000] [id=14676]
  0x000001a3fbc4b200 WatcherThread [stack: 0x0000007b8f200000,0x0000007b8f300000] [id=11992]
  0x000001a3d80b17b0 GCTaskThread "GC Thread#0" [stack: 0x0000007b8e000000,0x0000007b8e100000] [id=17904]
  0x000001a3fc99e510 GCTaskThread "GC Thread#1" [stack: 0x0000007b8f400000,0x0000007b8f500000] [id=17808]
  0x000001a3fc99e840 GCTaskThread "GC Thread#2" [stack: 0x0000007b8fb00000,0x0000007b8fc00000] [id=13496]
  0x000001a3fc99eea0 GCTaskThread "GC Thread#3" [stack: 0x0000007b8fc00000,0x0000007b8fd00000] [id=10308]
  0x000001a3fc99f500 GCTaskThread "GC Thread#4" [stack: 0x0000007b8fd00000,0x0000007b8fe00000] [id=14724]
  0x000001a3fc99cec0 GCTaskThread "GC Thread#5" [stack: 0x0000007b8fe00000,0x0000007b8ff00000] [id=7220]
  0x000001a3d80c37e0 ConcurrentGCThread "G1 Main Marker" [stack: 0x0000007b8e100000,0x0000007b8e200000] [id=8972]
  0x000001a3d80c4a80 ConcurrentGCThread "G1 Conc#0" [stack: 0x0000007b8e200000,0x0000007b8e300000] [id=18088]
  0x000001a3d80ed6b0 ConcurrentGCThread "G1 Refine#0" [stack: 0x0000007b8e300000,0x0000007b8e400000] [id=18628]
  0x000001a3d80ee1c0 ConcurrentGCThread "G1 Young RemSet Sampling" [stack: 0x0000007b8e400000,0x0000007b8e500000] [id=16404]

Threads with active compile tasks:

VM state: not at safepoint (normal execution)

VM Mutex/Monitor currently owned by a thread: None

Heap address: 0x0000000701400000, size: 4076 MB, Compressed Oops mode: Zero based, Oop shift amount: 3
CDS archive(s) mapped at: [0x0000000800000000-0x0000000800b50000-0x0000000800b50000), size 11862016, SharedBaseAddress: 0x0000000800000000, ArchiveRelocationMode: 0.
Compressed class space mapped at: 0x0000000800b50000-0x0000000840b50000, size: 1073741824
Narrow klass base: 0x0000000800000000, Narrow klass shift: 3, Narrow klass range: 0x100000000

GC Precious Log:
 CPUs: 6 total, 6 available
 Memory: 16303M
 Large Page Support: Disabled
 NUMA Support: Disabled
 Compressed Oops: Enabled (Zero based)
 Heap Region Size: 2M
 Heap Min Capacity: 8M
 Heap Initial Capacity: 256M
 Heap Max Capacity: 4076M
 Pre-touch: Disabled
 Parallel Workers: 6
 Concurrent Workers: 2
 Concurrent Refinement Workers: 6
 Periodic GC: Disabled

Heap:
 garbage-first heap   total 262144K, used 11976K [0x0000000701400000, 0x0000000800000000)
  region size 2048K, 7 young (14336K), 2 survivors (4096K)
 Metaspace       used 6051K, capacity 8744K, committed 9088K, reserved 1058816K
  class space    used 297K, capacity 573K, committed 640K, reserved 1048576K

Heap Regions: E=young(eden), S=young(survivor), O=old, HS=humongous(starts), HC=humongous(continues), CS=collection set, F=free, OA=open archive, CA=closed archive, TAMS=top-at-mark-start (previous, next)
|   0|0x0000000701400000, 0x0000000701400000, 0x0000000701600000|  0%| F|  |TAMS 0x0000000701400000, 0x0000000701400000| Untracked 
|   1|0x0000000701600000, 0x0000000701600000, 0x0000000701800000|  0%| F|  |TAMS 0x0000000701600000, 0x0000000701600000| Untracked 
|   2|0x0000000701800000, 0x0000000701800000, 0x0000000701a00000|  0%| F|  |TAMS 0x0000000701800000, 0x0000000701800000| Untracked 
|   3|0x0000000701a00000, 0x0000000701a00000, 0x0000000701c00000|  0%| F|  |TAMS 0x0000000701a00000, 0x0000000701a00000| Untracked 
|   4|0x0000000701c00000, 0x0000000701c00000, 0x0000000701e00000|  0%| F|  |TAMS 0x0000000701c00000, 0x0000000701c00000| Untracked 
|   5|0x0000000701e00000, 0x0000000701e00000, 0x0000000702000000|  0%| F|  |TAMS 0x0000000701e00000, 0x0000000701e00000| Untracked 
|   6|0x0000000702000000, 0x0000000702000000, 0x0000000702200000|  0%| F|  |TAMS 0x0000000702000000, 0x0000000702000000| Untracked 
|   7|0x0000000702200000, 0x0000000702200000, 0x0000000702400000|  0%| F|  |TAMS 0x0000000702200000, 0x0000000702200000| Untracked 
|   8|0x0000000702400000, 0x0000000702400000, 0x0000000702600000|  0%| F|  |TAMS 0x0000000702400000, 0x0000000702400000| Untracked 
|   9|0x0000000702600000, 0x0000000702600000, 0x0000000702800000|  0%| F|  |TAMS 0x0000000702600000, 0x0000000702600000| Untracked 
|  10|0x0000000702800000, 0x0000000702800000, 0x0000000702a00000|  0%| F|  |TAMS 0x0000000702800000, 0x0000000702800000| Untracked 
|  11|0x0000000702a00000, 0x0000000702a00000, 0x0000000702c00000|  0%| F|  |TAMS 0x0000000702a00000, 0x0000000702a00000| Untracked 
|  12|0x0000000702c00000, 0x0000000702c00000, 0x0000000702e00000|  0%| F|  |TAMS 0x0000000702c00000, 0x0000000702c00000| Untracked 
|  13|0x0000000702e00000, 0x0000000702e00000, 0x0000000703000000|  0%| F|  |TAMS 0x0000000702e00000, 0x0000000702e00000| Untracked 
|  14|0x0000000703000000, 0x0000000703000000, 0x0000000703200000|  0%| F|  |TAMS 0x0000000703000000, 0x0000000703000000| Untracked 
|  15|0x0000000703200000, 0x0000000703200000, 0x0000000703400000|  0%| F|  |TAMS 0x0000000703200000, 0x0000000703200000| Untracked 
|  16|0x0000000703400000, 0x0000000703400000, 0x0000000703600000|  0%| F|  |TAMS 0x0000000703400000, 0x0000000703400000| Untracked 
|  17|0x0000000703600000, 0x0000000703600000, 0x0000000703800000|  0%| F|  |TAMS 0x0000000703600000, 0x0000000703600000| Untracked 
|  18|0x0000000703800000, 0x0000000703800000, 0x0000000703a00000|  0%| F|  |TAMS 0x0000000703800000, 0x0000000703800000| Untracked 
|  19|0x0000000703a00000, 0x0000000703a00000, 0x0000000703c00000|  0%| F|  |TAMS 0x0000000703a00000, 0x0000000703a00000| Untracked 
|  20|0x0000000703c00000, 0x0000000703c00000, 0x0000000703e00000|  0%| F|  |TAMS 0x0000000703c00000, 0x0000000703c00000| Untracked 
|  21|0x0000000703e00000, 0x0000000703e00000, 0x0000000704000000|  0%| F|  |TAMS 0x0000000703e00000, 0x0000000703e00000| Untracked 
|  22|0x0000000704000000, 0x0000000704000000, 0x0000000704200000|  0%| F|  |TAMS 0x0000000704000000, 0x0000000704000000| Untracked 
|  23|0x0000000704200000, 0x0000000704200000, 0x0000000704400000|  0%| F|  |TAMS 0x0000000704200000, 0x0000000704200000| Untracked 
|  24|0x0000000704400000, 0x0000000704400000, 0x0000000704600000|  0%| F|  |TAMS 0x0000000704400000, 0x0000000704400000| Untracked 
|  25|0x0000000704600000, 0x0000000704600000, 0x0000000704800000|  0%| F|  |TAMS 0x0000000704600000, 0x0000000704600000| Untracked 
|  26|0x0000000704800000, 0x0000000704800000, 0x0000000704a00000|  0%| F|  |TAMS 0x0000000704800000, 0x0000000704800000| Untracked 
|  27|0x0000000704a00000, 0x0000000704a00000, 0x0000000704c00000|  0%| F|  |TAMS 0x0000000704a00000, 0x0000000704a00000| Untracked 
|  28|0x0000000704c00000, 0x0000000704c00000, 0x0000000704e00000|  0%| F|  |TAMS 0x0000000704c00000, 0x0000000704c00000| Untracked 
|  29|0x0000000704e00000, 0x0000000704e00000, 0x0000000705000000|  0%| F|  |TAMS 0x0000000704e00000, 0x0000000704e00000| Untracked 
|  30|0x0000000705000000, 0x0000000705000000, 0x0000000705200000|  0%| F|  |TAMS 0x0000000705000000, 0x0000000705000000| Untracked 
|  31|0x0000000705200000, 0x0000000705200000, 0x0000000705400000|  0%| F|  |TAMS 0x0000000705200000, 0x0000000705200000| Untracked 
|  32|0x0000000705400000, 0x0000000705400000, 0x0000000705600000|  0%| F|  |TAMS 0x0000000705400000, 0x0000000705400000| Untracked 
|  33|0x0000000705600000, 0x0000000705600000, 0x0000000705800000|  0%| F|  |TAMS 0x0000000705600000, 0x0000000705600000| Untracked 
|  34|0x0000000705800000, 0x0000000705800000, 0x0000000705a00000|  0%| F|  |TAMS 0x0000000705800000, 0x0000000705800000| Untracked 
|  35|0x0000000705a00000, 0x0000000705a00000, 0x0000000705c00000|  0%| F|  |TAMS 0x0000000705a00000, 0x0000000705a00000| Untracked 
|  36|0x0000000705c00000, 0x0000000705c00000, 0x0000000705e00000|  0%| F|  |TAMS 0x0000000705c00000, 0x0000000705c00000| Untracked 
|  37|0x0000000705e00000, 0x0000000705e00000, 0x0000000706000000|  0%| F|  |TAMS 0x0000000705e00000, 0x0000000705e00000| Untracked 
|  38|0x0000000706000000, 0x0000000706000000, 0x0000000706200000|  0%| F|  |TAMS 0x0000000706000000, 0x0000000706000000| Untracked 
|  39|0x0000000706200000, 0x0000000706200000, 0x0000000706400000|  0%| F|  |TAMS 0x0000000706200000, 0x0000000706200000| Untracked 
|  40|0x0000000706400000, 0x0000000706400000, 0x0000000706600000|  0%| F|  |TAMS 0x0000000706400000, 0x0000000706400000| Untracked 
|  41|0x0000000706600000, 0x0000000706600000, 0x0000000706800000|  0%| F|  |TAMS 0x0000000706600000, 0x0000000706600000| Untracked 
|  42|0x0000000706800000, 0x0000000706800000, 0x0000000706a00000|  0%| F|  |TAMS 0x0000000706800000, 0x0000000706800000| Untracked 
|  43|0x0000000706a00000, 0x0000000706a00000, 0x0000000706c00000|  0%| F|  |TAMS 0x0000000706a00000, 0x0000000706a00000| Untracked 
|  44|0x0000000706c00000, 0x0000000706c00000, 0x0000000706e00000|  0%| F|  |TAMS 0x0000000706c00000, 0x0000000706c00000| Untracked 
|  45|0x0000000706e00000, 0x0000000706e00000, 0x0000000707000000|  0%| F|  |TAMS 0x0000000706e00000, 0x0000000706e00000| Untracked 
|  46|0x0000000707000000, 0x0000000707000000, 0x0000000707200000|  0%| F|  |TAMS 0x0000000707000000, 0x0000000707000000| Untracked 
|  47|0x0000000707200000, 0x0000000707200000, 0x0000000707400000|  0%| F|  |TAMS 0x0000000707200000, 0x0000000707200000| Untracked 
|  48|0x0000000707400000, 0x0000000707400000, 0x0000000707600000|  0%| F|  |TAMS 0x0000000707400000, 0x0000000707400000| Untracked 
|  49|0x0000000707600000, 0x0000000707600000, 0x0000000707800000|  0%| F|  |TAMS 0x0000000707600000, 0x0000000707600000| Untracked 
|  50|0x0000000707800000, 0x0000000707800000, 0x0000000707a00000|  0%| F|  |TAMS 0x0000000707800000, 0x0000000707800000| Untracked 
|  51|0x0000000707a00000, 0x0000000707a00000, 0x0000000707c00000|  0%| F|  |TAMS 0x0000000707a00000, 0x0000000707a00000| Untracked 
|  52|0x0000000707c00000, 0x0000000707c00000, 0x0000000707e00000|  0%| F|  |TAMS 0x0000000707c00000, 0x0000000707c00000| Untracked 
|  53|0x0000000707e00000, 0x0000000707e00000, 0x0000000708000000|  0%| F|  |TAMS 0x0000000707e00000, 0x0000000707e00000| Untracked 
|  54|0x0000000708000000, 0x0000000708000000, 0x0000000708200000|  0%| F|  |TAMS 0x0000000708000000, 0x0000000708000000| Untracked 
|  55|0x0000000708200000, 0x0000000708200000, 0x0000000708400000|  0%| F|  |TAMS 0x0000000708200000, 0x0000000708200000| Untracked 
|  56|0x0000000708400000, 0x0000000708400000, 0x0000000708600000|  0%| F|  |TAMS 0x0000000708400000, 0x0000000708400000| Untracked 
|  57|0x0000000708600000, 0x0000000708600000, 0x0000000708800000|  0%| F|  |TAMS 0x0000000708600000, 0x0000000708600000| Untracked 
|  58|0x0000000708800000, 0x0000000708800000, 0x0000000708a00000|  0%| F|  |TAMS 0x0000000708800000, 0x0000000708800000| Untracked 
|  59|0x0000000708a00000, 0x0000000708a00000, 0x0000000708c00000|  0%| F|  |TAMS 0x0000000708a00000, 0x0000000708a00000| Untracked 
|  60|0x0000000708c00000, 0x0000000708c00000, 0x0000000708e00000|  0%| F|  |TAMS 0x0000000708c00000, 0x0000000708c00000| Untracked 
|  61|0x0000000708e00000, 0x0000000708e00000, 0x0000000709000000|  0%| F|  |TAMS 0x0000000708e00000, 0x0000000708e00000| Untracked 
|  62|0x0000000709000000, 0x0000000709000000, 0x0000000709200000|  0%| F|  |TAMS 0x0000000709000000, 0x0000000709000000| Untracked 
|  63|0x0000000709200000, 0x0000000709200000, 0x0000000709400000|  0%| F|  |TAMS 0x0000000709200000, 0x0000000709200000| Untracked 
|  64|0x0000000709400000, 0x0000000709400000, 0x0000000709600000|  0%| F|  |TAMS 0x0000000709400000, 0x0000000709400000| Untracked 
|  65|0x0000000709600000, 0x0000000709600000, 0x0000000709800000|  0%| F|  |TAMS 0x0000000709600000, 0x0000000709600000| Untracked 
|  66|0x0000000709800000, 0x0000000709800000, 0x0000000709a00000|  0%| F|  |TAMS 0x0000000709800000, 0x0000000709800000| Untracked 
|  67|0x0000000709a00000, 0x0000000709a00000, 0x0000000709c00000|  0%| F|  |TAMS 0x0000000709a00000, 0x0000000709a00000| Untracked 
|  68|0x0000000709c00000, 0x0000000709c00000, 0x0000000709e00000|  0%| F|  |TAMS 0x0000000709c00000, 0x0000000709c00000| Untracked 
|  69|0x0000000709e00000, 0x0000000709e00000, 0x000000070a000000|  0%| F|  |TAMS 0x0000000709e00000, 0x0000000709e00000| Untracked 
|  70|0x000000070a000000, 0x000000070a000000, 0x000000070a200000|  0%| F|  |TAMS 0x000000070a000000, 0x000000070a000000| Untracked 
|  71|0x000000070a200000, 0x000000070a200000, 0x000000070a400000|  0%| F|  |TAMS 0x000000070a200000, 0x000000070a200000| Untracked 
|  72|0x000000070a400000, 0x000000070a400000, 0x000000070a600000|  0%| F|  |TAMS 0x000000070a400000, 0x000000070a400000| Untracked 
|  73|0x000000070a600000, 0x000000070a600000, 0x000000070a800000|  0%| F|  |TAMS 0x000000070a600000, 0x000000070a600000| Untracked 
|  74|0x000000070a800000, 0x000000070a800000, 0x000000070aa00000|  0%| F|  |TAMS 0x000000070a800000, 0x000000070a800000| Untracked 
|  75|0x000000070aa00000, 0x000000070aa00000, 0x000000070ac00000|  0%| F|  |TAMS 0x000000070aa00000, 0x000000070aa00000| Untracked 
|  76|0x000000070ac00000, 0x000000070ac00000, 0x000000070ae00000|  0%| F|  |TAMS 0x000000070ac00000, 0x000000070ac00000| Untracked 
|  77|0x000000070ae00000, 0x000000070ae00000, 0x000000070b000000|  0%| F|  |TAMS 0x000000070ae00000, 0x000000070ae00000| Untracked 
|  78|0x000000070b000000, 0x000000070b000000, 0x000000070b200000|  0%| F|  |TAMS 0x000000070b000000, 0x000000070b000000| Untracked 
|  79|0x000000070b200000, 0x000000070b200000, 0x000000070b400000|  0%| F|  |TAMS 0x000000070b200000, 0x000000070b200000| Untracked 
|  80|0x000000070b400000, 0x000000070b400000, 0x000000070b600000|  0%| F|  |TAMS 0x000000070b400000, 0x000000070b400000| Untracked 
|  81|0x000000070b600000, 0x000000070b600000, 0x000000070b800000|  0%| F|  |TAMS 0x000000070b600000, 0x000000070b600000| Untracked 
|  82|0x000000070b800000, 0x000000070b800000, 0x000000070ba00000|  0%| F|  |TAMS 0x000000070b800000, 0x000000070b800000| Untracked 
|  83|0x000000070ba00000, 0x000000070ba00000, 0x000000070bc00000|  0%| F|  |TAMS 0x000000070ba00000, 0x000000070ba00000| Untracked 
|  84|0x000000070bc00000, 0x000000070bc00000, 0x000000070be00000|  0%| F|  |TAMS 0x000000070bc00000, 0x000000070bc00000| Untracked 
|  85|0x000000070be00000, 0x000000070be00000, 0x000000070c000000|  0%| F|  |TAMS 0x000000070be00000, 0x000000070be00000| Untracked 
|  86|0x000000070c000000, 0x000000070c000000, 0x000000070c200000|  0%| F|  |TAMS 0x000000070c000000, 0x000000070c000000| Untracked 
|  87|0x000000070c200000, 0x000000070c200000, 0x000000070c400000|  0%| F|  |TAMS 0x000000070c200000, 0x000000070c200000| Untracked 
|  88|0x000000070c400000, 0x000000070c400000, 0x000000070c600000|  0%| F|  |TAMS 0x000000070c400000, 0x000000070c400000| Untracked 
|  89|0x000000070c600000, 0x000000070c600000, 0x000000070c800000|  0%| F|  |TAMS 0x000000070c600000, 0x000000070c600000| Untracked 
|  90|0x000000070c800000, 0x000000070c800000, 0x000000070ca00000|  0%| F|  |TAMS 0x000000070c800000, 0x000000070c800000| Untracked 
|  91|0x000000070ca00000, 0x000000070ca00000, 0x000000070cc00000|  0%| F|  |TAMS 0x000000070ca00000, 0x000000070ca00000| Untracked 
|  92|0x000000070cc00000, 0x000000070cc00000, 0x000000070ce00000|  0%| F|  |TAMS 0x000000070cc00000, 0x000000070cc00000| Untracked 
|  93|0x000000070ce00000, 0x000000070ce00000, 0x000000070d000000|  0%| F|  |TAMS 0x000000070ce00000, 0x000000070ce00000| Untracked 
|  94|0x000000070d000000, 0x000000070d000000, 0x000000070d200000|  0%| F|  |TAMS 0x000000070d000000, 0x000000070d000000| Untracked 
|  95|0x000000070d200000, 0x000000070d200000, 0x000000070d400000|  0%| F|  |TAMS 0x000000070d200000, 0x000000070d200000| Untracked 
|  96|0x000000070d400000, 0x000000070d400000, 0x000000070d600000|  0%| F|  |TAMS 0x000000070d400000, 0x000000070d400000| Untracked 
|  97|0x000000070d600000, 0x000000070d600000, 0x000000070d800000|  0%| F|  |TAMS 0x000000070d600000, 0x000000070d600000| Untracked 
|  98|0x000000070d800000, 0x000000070d800000, 0x000000070da00000|  0%| F|  |TAMS 0x000000070d800000, 0x000000070d800000| Untracked 
|  99|0x000000070da00000, 0x000000070da00000, 0x000000070dc00000|  0%| F|  |TAMS 0x000000070da00000, 0x000000070da00000| Untracked 
| 100|0x000000070dc00000, 0x000000070dc00000, 0x000000070de00000|  0%| F|  |TAMS 0x000000070dc00000, 0x000000070dc00000| Untracked 
| 101|0x000000070de00000, 0x000000070de00000, 0x000000070e000000|  0%| F|  |TAMS 0x000000070de00000, 0x000000070de00000| Untracked 
| 102|0x000000070e000000, 0x000000070e000000, 0x000000070e200000|  0%| F|  |TAMS 0x000000070e000000, 0x000000070e000000| Untracked 
| 103|0x000000070e200000, 0x000000070e200000, 0x000000070e400000|  0%| F|  |TAMS 0x000000070e200000, 0x000000070e200000| Untracked 
| 104|0x000000070e400000, 0x000000070e400000, 0x000000070e600000|  0%| F|  |TAMS 0x000000070e400000, 0x000000070e400000| Untracked 
| 105|0x000000070e600000, 0x000000070e600000, 0x000000070e800000|  0%| F|  |TAMS 0x000000070e600000, 0x000000070e600000| Untracked 
| 106|0x000000070e800000, 0x000000070e800000, 0x000000070ea00000|  0%| F|  |TAMS 0x000000070e800000, 0x000000070e800000| Untracked 
| 107|0x000000070ea00000, 0x000000070ea00000, 0x000000070ec00000|  0%| F|  |TAMS 0x000000070ea00000, 0x000000070ea00000| Untracked 
| 108|0x000000070ec00000, 0x000000070ec00000, 0x000000070ee00000|  0%| F|  |TAMS 0x000000070ec00000, 0x000000070ec00000| Untracked 
| 109|0x000000070ee00000, 0x000000070ee00000, 0x000000070f000000|  0%| F|  |TAMS 0x000000070ee00000, 0x000000070ee00000| Untracked 
| 110|0x000000070f000000, 0x000000070f000000, 0x000000070f200000|  0%| F|  |TAMS 0x000000070f000000, 0x000000070f000000| Untracked 
| 111|0x000000070f200000, 0x000000070f200000, 0x000000070f400000|  0%| F|  |TAMS 0x000000070f200000, 0x000000070f200000| Untracked 
| 112|0x000000070f400000, 0x000000070f400000, 0x000000070f600000|  0%| F|  |TAMS 0x000000070f400000, 0x000000070f400000| Untracked 
| 113|0x000000070f600000, 0x000000070f600000, 0x000000070f800000|  0%| F|  |TAMS 0x000000070f600000, 0x000000070f600000| Untracked 
| 114|0x000000070f800000, 0x000000070f800000, 0x000000070fa00000|  0%| F|  |TAMS 0x000000070f800000, 0x000000070f800000| Untracked 
| 115|0x000000070fa00000, 0x000000070fa00000, 0x000000070fc00000|  0%| F|  |TAMS 0x000000070fa00000, 0x000000070fa00000| Untracked 
| 116|0x000000070fc00000, 0x000000070fdb2180, 0x000000070fe00000| 84%| S|CS|TAMS 0x000000070fc00000, 0x000000070fc00000| Complete 
| 117|0x000000070fe00000, 0x0000000710000000, 0x0000000710000000|100%| S|CS|TAMS 0x000000070fe00000, 0x000000070fe00000| Complete 
| 118|0x0000000710000000, 0x0000000710000000, 0x0000000710200000|  0%| F|  |TAMS 0x0000000710000000, 0x0000000710000000| Untracked 
| 119|0x0000000710200000, 0x0000000710200000, 0x0000000710400000|  0%| F|  |TAMS 0x0000000710200000, 0x0000000710200000| Untracked 
| 120|0x0000000710400000, 0x0000000710400000, 0x0000000710600000|  0%| F|  |TAMS 0x0000000710400000, 0x0000000710400000| Untracked 
| 121|0x0000000710600000, 0x0000000710600000, 0x0000000710800000|  0%| F|  |TAMS 0x0000000710600000, 0x0000000710600000| Untracked 
| 122|0x0000000710800000, 0x0000000710800000, 0x0000000710a00000|  0%| F|  |TAMS 0x0000000710800000, 0x0000000710800000| Untracked 
| 123|0x0000000710a00000, 0x0000000710b05a38, 0x0000000710c00000| 51%| E|  |TAMS 0x0000000710a00000, 0x0000000710a00000| Complete 
| 124|0x0000000710c00000, 0x0000000710e00000, 0x0000000710e00000|100%| E|CS|TAMS 0x0000000710c00000, 0x0000000710c00000| Complete 
| 125|0x0000000710e00000, 0x0000000711000000, 0x0000000711000000|100%| E|CS|TAMS 0x0000000710e00000, 0x0000000710e00000| Complete 
| 126|0x0000000711000000, 0x0000000711200000, 0x0000000711200000|100%| E|CS|TAMS 0x0000000711000000, 0x0000000711000000| Complete 
| 127|0x0000000711200000, 0x0000000711400000, 0x0000000711400000|100%| E|CS|TAMS 0x0000000711200000, 0x0000000711200000| Complete 

Card table byte_map: [0x000001a3efb60000,0x000001a3f0360000] _byte_map_base: 0x000001a3ec356000

Marking Bits (Prev, Next): (CMBitMap*) 0x000001a3d80b1f30, (CMBitMap*) 0x000001a3d80b1f70
 Prev Bits: [0x000001a3f0b60000, 0x000001a3f4b10000)
 Next Bits: [0x000001a3f4b10000, 0x000001a3f8ac0000)

Polling page: 0x000001a3d6030000

Metaspace:

Usage:
  Non-class:      7.98 MB capacity,     5.62 MB ( 70%) used,     2.35 MB ( 30%) free+waste,     6.50 KB ( <1%) overhead. 
      Class:    573.00 KB capacity,   297.91 KB ( 52%) used,   273.22 KB ( 48%) free+waste,     1.88 KB ( <1%) overhead. 
       Both:      8.54 MB capacity,     5.91 MB ( 69%) used,     2.62 MB ( 31%) free+waste,     8.38 KB ( <1%) overhead. 

Virtual space:
  Non-class space:       10.00 MB reserved,       8.25 MB ( 82%) committed 
      Class space:        1.00 GB reserved,     640.00 KB ( <1%) committed 
             Both:        1.01 GB reserved,       8.88 MB ( <1%) committed 

Chunk freelists:
   Non-Class:  85.00 KB
       Class:  3.00 KB
        Both:  88.00 KB

MaxMetaspaceSize: 17179869184.00 GB
CompressedClassSpaceSize: 1.00 GB

CodeHeap 'non-profiled nmethods': size=120000Kb used=423Kb max_used=423Kb free=119576Kb
 bounds [0x000001a3e7d20000, 0x000001a3e7f90000, 0x000001a3ef250000]
CodeHeap 'profiled nmethods': size=120000Kb used=1945Kb max_used=1945Kb free=118054Kb
 bounds [0x000001a3e07f0000, 0x000001a3e0a60000, 0x000001a3e7d20000]
CodeHeap 'non-nmethods': size=5760Kb used=1669Kb max_used=1701Kb free=4090Kb
 bounds [0x000001a3e0250000, 0x000001a3e04c0000, 0x000001a3e07f0000]
 total_blobs=1968 nmethods=998 adapters=883
 compilation: enabled
              stopped_count=0, restarted_count=0
 full_count=0

Compilation events (20 events):
Event: 1.513 Thread 0x000001a3fbb718c0 nmethod 991 0x000001a3e09d3510 code [0x000001a3e09d36c0, 0x000001a3e09d3888]
Event: 1.513 Thread 0x000001a3fbb718c0  992       3       jdk.internal.reflect.UnsafeQualifiedFieldAccessorImpl::<init> (11 bytes)
Event: 1.514 Thread 0x000001a3fbb718c0 nmethod 992 0x000001a3e09d3990 code [0x000001a3e09d3b40, 0x000001a3e09d3ca8]
Event: 1.514 Thread 0x000001a3fbb718c0  993       3       jdk.internal.reflect.UnsafeQualifiedLongFieldAccessorImpl::getLong (17 bytes)
Event: 1.514 Thread 0x000001a3fbb718c0 nmethod 993 0x000001a3e09d3d90 code [0x000001a3e09d3f80, 0x000001a3e09d45a8]
Event: 1.514 Thread 0x000001a3fbb718c0  994       3       jdk.internal.reflect.UnsafeFieldAccessorImpl::ensureObj (23 bytes)
Event: 1.514 Thread 0x000001a3fbb718c0 nmethod 994 0x000001a3e09d4810 code [0x000001a3e09d4a00, 0x000001a3e09d4f28]
Event: 1.514 Thread 0x000001a3fbb718c0  995       3       org.lwjgl.PointerBuffer::put (24 bytes)
Event: 1.514 Thread 0x000001a3fbb718c0 nmethod 995 0x000001a3e09d5110 code [0x000001a3e09d5300, 0x000001a3e09d5738]
Event: 1.514 Thread 0x000001a3fbb718c0  996       3       org.lwjgl.system.Checks::check (17 bytes)
Event: 1.514 Thread 0x000001a3fbb718c0 nmethod 996 0x000001a3e09d5990 code [0x000001a3e09d5b60, 0x000001a3e09d5ec8]
Event: 1.514 Thread 0x000001a3fbb718c0  997       3       org.lwjgl.system.CheckIntrinsics::checkIndex (6 bytes)
Event: 1.515 Thread 0x000001a3fbb718c0 nmethod 997 0x000001a3e09d6090 code [0x000001a3e09d6240, 0x000001a3e09d64c8]
Event: 1.516 Thread 0x000001a3fbb66180 nmethod 946 0x000001a3e7d83910 code [0x000001a3e7d83c40, 0x000001a3e7d86d10]
Event: 1.516 Thread 0x000001a3fbb66180  947       4       java.lang.String::substring (58 bytes)
Event: 1.519 Thread 0x000001a3fbb66180 nmethod 947 0x000001a3e7d88c10 code [0x000001a3e7d88da0, 0x000001a3e7d892f8]
Event: 1.519 Thread 0x000001a3fbb66180  982       4       java.util.ArrayList::get (15 bytes)
Event: 1.520 Thread 0x000001a3fbb66180 nmethod 982 0x000001a3e7d89610 code [0x000001a3e7d897a0, 0x000001a3e7d898d8]
Event: 1.520 Thread 0x000001a3fbb66180  998       4       java.lang.reflect.Modifier::isFinal (13 bytes)
Event: 1.520 Thread 0x000001a3fbb66180 nmethod 998 0x000001a3e7d89a10 code [0x000001a3e7d89b80, 0x000001a3e7d89bd8]

GC Heap History (2 events):
Event: 1.267 GC heap before
{Heap before GC invocations=0 (full 0):
 garbage-first heap   total 262144K, used 20480K [0x0000000701400000, 0x0000000800000000)
  region size 2048K, 10 young (20480K), 0 survivors (0K)
 Metaspace       used 3116K, capacity 5896K, committed 6144K, reserved 1056768K
  class space    used 197K, capacity 477K, committed 512K, reserved 1048576K
}
Event: 1.271 GC heap after
{Heap after GC invocations=1 (full 0):
 garbage-first heap   total 262144K, used 3784K [0x0000000701400000, 0x0000000800000000)
  region size 2048K, 2 young (4096K), 2 survivors (4096K)
 Metaspace       used 3116K, capacity 5896K, committed 6144K, reserved 1056768K
  class space    used 197K, capacity 477K, committed 512K, reserved 1048576K
}

Deoptimization events (20 events):
Event: 0.669 Thread 0x000001a3d5ffe990 Uncommon trap: trap_request=0xffffffde fr.pc=0x000001a3e7d4ac48 relative=0x0000000000000388
Event: 0.669 Thread 0x000001a3d5ffe990 Uncommon trap: reason=class_check action=maybe_recompile pc=0x000001a3e7d4ac48 method=java.util.HashMap.getNode(Ljava/lang/Object;)Ljava/util/HashMap$Node; @ 128 c2
Event: 0.669 Thread 0x000001a3d5ffe990 DEOPT PACKING pc=0x000001a3e7d4ac48 sp=0x0000007b8dffdca0
Event: 0.669 Thread 0x000001a3d5ffe990 DEOPT UNPACKING pc=0x000001a3e029e42f sp=0x0000007b8dffdbd8 mode 2
Event: 1.274 Thread 0x000001a3d5ffe990 Uncommon trap: trap_request=0xffffff54 fr.pc=0x000001a3e7d78168 relative=0x0000000000000068
Event: 1.274 Thread 0x000001a3d5ffe990 Uncommon trap: reason=speculate_null_assert action=make_not_entrant pc=0x000001a3e7d78168 method=sun.misc.Unsafe.putLong(Ljava/lang/Object;JJ)V @ 7 c2
Event: 1.274 Thread 0x000001a3d5ffe990 DEOPT PACKING pc=0x000001a3e7d78168 sp=0x0000007b8dffed20
Event: 1.274 Thread 0x000001a3d5ffe990 DEOPT UNPACKING pc=0x000001a3e029e42f sp=0x0000007b8dffecb8 mode 2
Event: 1.277 Thread 0x000001a3d5ffe990 Uncommon trap: trap_request=0xffffff54 fr.pc=0x000001a3e7d66844 relative=0x00000000000012a4
Event: 1.277 Thread 0x000001a3d5ffe990 Uncommon trap: reason=speculate_null_assert action=make_not_entrant pc=0x000001a3e7d66844 method=java.util.jar.JarFile.getVersionedEntry(Ljava/lang/String;Ljava/util/jar/JarEntry;)Ljava/util/jar/JarEntry; @ 114 c2
Event: 1.277 Thread 0x000001a3d5ffe990 DEOPT PACKING pc=0x000001a3e7d66844 sp=0x0000007b8dffdc60
Event: 1.277 Thread 0x000001a3d5ffe990 DEOPT UNPACKING pc=0x000001a3e029e42f sp=0x0000007b8dffdbf8 mode 2
Event: 1.283 Thread 0x000001a3d5ffe990 Uncommon trap: trap_request=0xffffff5c fr.pc=0x000001a3e7d79a58 relative=0x0000000000000058
Event: 1.283 Thread 0x000001a3d5ffe990 Uncommon trap: reason=speculate_null_check action=make_not_entrant pc=0x000001a3e7d79a58 method=sun.misc.Unsafe.getByte(Ljava/lang/Object;J)B @ 5 c2
Event: 1.283 Thread 0x000001a3d5ffe990 DEOPT PACKING pc=0x000001a3e7d79a58 sp=0x0000007b8dffee00
Event: 1.283 Thread 0x000001a3d5ffe990 DEOPT UNPACKING pc=0x000001a3e029e42f sp=0x0000007b8dffed88 mode 2
Event: 1.290 Thread 0x000001a3d5ffe990 Uncommon trap: trap_request=0xffffff54 fr.pc=0x000001a3e7d79d60 relative=0x0000000000000060
Event: 1.290 Thread 0x000001a3d5ffe990 Uncommon trap: reason=speculate_null_assert action=make_not_entrant pc=0x000001a3e7d79d60 method=sun.misc.Unsafe.getLong(Ljava/lang/Object;J)J @ 5 c2
Event: 1.290 Thread 0x000001a3d5ffe990 DEOPT PACKING pc=0x000001a3e7d79d60 sp=0x0000007b8dffee90
Event: 1.290 Thread 0x000001a3d5ffe990 DEOPT UNPACKING pc=0x000001a3e029e42f sp=0x0000007b8dffee28 mode 2

Classes unloaded (0 events):
No events

Classes redefined (0 events):
No events

Internal exceptions (17 events):
Event: 0.529 Thread 0x000001a3d5ffe990 Exception <a 'java/lang/NoSuchMethodError'{0x000000071042e020}: 'java.lang.Object java.lang.invoke.DirectMethodHandle$Holder.invokeStatic(java.lang.Object)'> (0x000000071042e020) 
thrown [./open/src/hotspot/share/interpreter/linkResolver.cpp, line 782]
Event: 0.530 Thread 0x000001a3d5ffe990 Exception <a 'java/lang/NoSuchMethodError'{0x0000000710431850}: 'java.lang.Object java.lang.invoke.DirectMethodHandle$Holder.invokeStaticInit(java.lang.Object)'> (0x0000000710431850) 
thrown [./open/src/hotspot/share/interpreter/linkResolver.cpp, line 782]
Event: 0.544 Thread 0x000001a3d5ffe990 Exception <a 'java/lang/NoSuchMethodError'{0x00000007104a3638}: 'void java.lang.invoke.DirectMethodHandle$Holder.invokeStatic(java.lang.Object, java.lang.Object)'> (0x00000007104a3638) 
thrown [./open/src/hotspot/share/interpreter/linkResolver.cpp, line 782]
Event: 0.547 Thread 0x000001a3d5ffe990 Exception <a 'java/lang/NoSuchMethodError'{0x00000007104a8f70}: 'void java.lang.invoke.DirectMethodHandle$Holder.invokeSpecial(java.lang.Object, java.lang.Object, java.lang.Object)'> (0x00000007104a8f70) 
thrown [./open/src/hotspot/share/interpreter/linkResolver.cpp, line 782]
Event: 0.550 Thread 0x000001a3d5ffe990 Exception <a 'java/lang/NoSuchMethodError'{0x00000007104bdbe0}: 'java.lang.Object java.lang.invoke.DirectMethodHandle$Holder.invokeStatic(java.lang.Object, java.lang.Object, int)'> (0x00000007104bdbe0) 
thrown [./open/src/hotspot/share/interpreter/linkResolver.cpp, line 782]
Event: 0.552 Thread 0x000001a3d5ffe990 Exception <a 'java/lang/NoSuchMethodError'{0x00000007104c9d28}: 'void java.lang.invoke.DelegatingMethodHandle$Holder.delegate(java.lang.Object, java.lang.Object, int, java.lang.Object)'> (0x00000007104c9d28) 
thrown [./open/src/hotspot/share/interpreter/linkResolver.cpp, line 782]
Event: 0.552 Thread 0x000001a3d5ffe990 Exception <a 'java/lang/NoSuchMethodError'{0x00000007104ce070}: 'int java.lang.invoke.DirectMethodHandle$Holder.invokeSpecial(java.lang.Object, java.lang.Object, java.lang.Object)'> (0x00000007104ce070) 
thrown [./open/src/hotspot/share/interpreter/linkResolver.cpp, line 782]
Event: 0.584 Thread 0x000001a3d5ffe990 Exception <a 'sun/nio/fs/WindowsException'{0x0000000710545570}> (0x0000000710545570) 
thrown [./open/src/hotspot/share/prims/jni.cpp, line 578]
Event: 0.584 Thread 0x000001a3d5ffe990 Exception <a 'sun/nio/fs/WindowsException'{0x0000000710545ad0}> (0x0000000710545ad0) 
thrown [./open/src/hotspot/share/prims/jni.cpp, line 578]
Event: 0.644 Thread 0x000001a3d5ffe990 Exception <a 'sun/nio/fs/WindowsException'{0x00000007103261b0}> (0x00000007103261b0) 
thrown [./open/src/hotspot/share/prims/jni.cpp, line 578]
Event: 0.644 Thread 0x000001a3d5ffe990 Exception <a 'sun/nio/fs/WindowsException'{0x0000000710326558}> (0x0000000710326558) 
thrown [./open/src/hotspot/share/prims/jni.cpp, line 578]
Event: 0.672 Thread 0x000001a3d5ffe990 Exception <a 'sun/nio/fs/WindowsException'{0x0000000710039a20}> (0x0000000710039a20) 
thrown [./open/src/hotspot/share/prims/jni.cpp, line 578]
Event: 0.672 Thread 0x000001a3d5ffe990 Exception <a 'sun/nio/fs/WindowsException'{0x0000000710039d98}> (0x0000000710039d98) 
thrown [./open/src/hotspot/share/prims/jni.cpp, line 578]
Event: 1.235 Thread 0x000001a3d5ffe990 Exception <a 'sun/nio/fs/WindowsException'{0x0000000710111370}> (0x0000000710111370) 
thrown [./open/src/hotspot/share/prims/jni.cpp, line 578]
Event: 1.236 Thread 0x000001a3d5ffe990 Exception <a 'sun/nio/fs/WindowsException'{0x0000000710111720}> (0x0000000710111720) 
thrown [./open/src/hotspot/share/prims/jni.cpp, line 578]
Event: 1.240 Thread 0x000001a3d5ffe990 Exception <a 'sun/nio/fs/WindowsException'{0x000000071012db00}> (0x000000071012db00) 
thrown [./open/src/hotspot/share/prims/jni.cpp, line 578]
Event: 1.240 Thread 0x000001a3d5ffe990 Exception <a 'sun/nio/fs/WindowsException'{0x000000071012ddf0}> (0x000000071012ddf0) 
thrown [./open/src/hotspot/share/prims/jni.cpp, line 578]

Events (20 events):
Event: 0.646 loading class java/lang/NoSuchFieldError
Event: 0.646 loading class java/lang/NoSuchFieldError done
Event: 0.659 loading class java/util/function/BiPredicate
Event: 0.659 loading class java/util/function/BiPredicate done
Event: 0.675 loading class jdk/internal/reflect/UnsafeQualifiedStaticIntegerFieldAccessorImpl
Event: 0.675 loading class jdk/internal/reflect/UnsafeQualifiedStaticIntegerFieldAccessorImpl done
Event: 1.165 Thread 0x000001a3fcb9c220 Thread exited: 0x000001a3fcb9c220
Event: 1.237 Loaded shared library C:\Users\negre\AppData\Local\Temp\lwjglbalrog\3.2.3-build-13\lwjgl_opengl.dll
Event: 1.247 Executing VM operation: HandshakeAllThreads
Event: 1.247 Executing VM operation: HandshakeAllThreads done
Event: 1.267 Executing VM operation: G1CollectForAllocation
Event: 1.271 Executing VM operation: G1CollectForAllocation done
Event: 1.273 Loaded shared library C:\Program Files\Java\jdk-15.0.2\bin\zip.dll
Event: 1.289 Loaded shared library C:\Users\negre\AppData\Local\Temp\lwjglbalrog\3.2.3-build-13\lwjgl.dll
Event: 1.323 Loaded shared library C:\Users\negre\AppData\Local\Temp\lwjglbalrog\3.2.3-build-13\lwjgl.dll
Event: 1.369 Loaded shared library C:\Users\negre\AppData\Local\Temp\lwjglbalrog\3.2.3-build-13\lwjgl.dll
Event: 1.505 loading class jdk/internal/reflect/UnsafeQualifiedLongFieldAccessorImpl
Event: 1.505 loading class jdk/internal/reflect/UnsafeQualifiedFieldAccessorImpl
Event: 1.505 loading class jdk/internal/reflect/UnsafeQualifiedFieldAccessorImpl done
Event: 1.505 loading class jdk/internal/reflect/UnsafeQualifiedLongFieldAccessorImpl done


Dynamic libraries:
0x00007ff6c83d0000 - 0x00007ff6c83df000 	C:\Program Files\Java\jdk-15.0.2\bin\java.exe
0x00007ffed5ff0000 - 0x00007ffed61e5000 	C:\WINDOWS\SYSTEM32\ntdll.dll
0x00007ffed58e0000 - 0x00007ffed599d000 	C:\WINDOWS\System32\KERNEL32.DLL
0x00007ffed3b60000 - 0x00007ffed3e29000 	C:\WINDOWS\System32\KERNELBASE.dll
0x00007ffed38c0000 - 0x00007ffed39c0000 	C:\WINDOWS\System32\ucrtbase.dll
0x00007ffe890f0000 - 0x00007ffe89109000 	C:\Program Files\Java\jdk-15.0.2\bin\VCRUNTIME140.dll
0x00007ffe883a0000 - 0x00007ffe883b8000 	C:\Program Files\Java\jdk-15.0.2\bin\jli.dll
0x00007ffed52f0000 - 0x00007ffed539c000 	C:\WINDOWS\System32\ADVAPI32.dll
0x00007ffed5d00000 - 0x00007ffed5d9e000 	C:\WINDOWS\System32\msvcrt.dll
0x00007ffed5250000 - 0x00007ffed52ec000 	C:\WINDOWS\System32\sechost.dll
0x00007ffed42f0000 - 0x00007ffed441b000 	C:\WINDOWS\System32\RPCRT4.dll
0x00007ffed5690000 - 0x00007ffed5830000 	C:\WINDOWS\System32\USER32.dll
0x00007ffebcf50000 - 0x00007ffebd1ea000 	C:\WINDOWS\WinSxS\amd64_microsoft.windows.common-controls_6595b64144ccf1df_6.0.19041.844_none_ca00b6081b84eb1d\COMCTL32.dll
0x00007ffed3fa0000 - 0x00007ffed3fc2000 	C:\WINDOWS\System32\win32u.dll
0x00007ffed42c0000 - 0x00007ffed42ea000 	C:\WINDOWS\System32\GDI32.dll
0x00007ffed3e90000 - 0x00007ffed3f9b000 	C:\WINDOWS\System32\gdi32full.dll
0x00007ffed3a10000 - 0x00007ffed3aad000 	C:\WINDOWS\System32\msvcp_win.dll
0x00007ffec99c0000 - 0x00007ffec99ca000 	C:\WINDOWS\SYSTEM32\VERSION.dll
0x00007ffed4280000 - 0x00007ffed42b0000 	C:\WINDOWS\System32\IMM32.DLL
0x00007ffeae1b0000 - 0x00007ffeae1bc000 	C:\Program Files\Java\jdk-15.0.2\bin\vcruntime140_1.dll
0x00007ffe81040000 - 0x00007ffe810d1000 	C:\Program Files\Java\jdk-15.0.2\bin\msvcp140.dll
0x00007ffe55fb0000 - 0x00007ffe56b0e000 	C:\Program Files\Java\jdk-15.0.2\bin\server\jvm.dll
0x00007ffed42b0000 - 0x00007ffed42b8000 	C:\WINDOWS\System32\PSAPI.DLL
0x00007ffeb81e0000 - 0x00007ffeb81e9000 	C:\WINDOWS\SYSTEM32\WSOCK32.dll
0x00007ffec8110000 - 0x00007ffec8137000 	C:\WINDOWS\SYSTEM32\WINMM.dll
0x00007ffed4c90000 - 0x00007ffed4cfb000 	C:\WINDOWS\System32\WS2_32.dll
0x00007ffed1670000 - 0x00007ffed1682000 	C:\WINDOWS\SYSTEM32\kernel.appcore.dll
0x00007ffeae090000 - 0x00007ffeae09a000 	C:\Program Files\Java\jdk-15.0.2\bin\jimage.dll
0x00007ffeb0bb0000 - 0x00007ffeb0d94000 	C:\WINDOWS\SYSTEM32\DBGHELP.DLL
0x00007ffeb0b40000 - 0x00007ffeb0b6c000 	C:\WINDOWS\SYSTEM32\dbgcore.DLL
0x00007ffed3fd0000 - 0x00007ffed4050000 	C:\WINDOWS\System32\bcryptPrimitives.dll
0x00007ffea1a80000 - 0x00007ffea1ab9000 	C:\Program Files\Java\jdk-15.0.2\bin\jdwp.dll
0x00007ffe85230000 - 0x00007ffe85255000 	C:\Program Files\Java\jdk-15.0.2\bin\java.dll
0x00007ffed4420000 - 0x00007ffed4b62000 	C:\WINDOWS\System32\SHELL32.dll
0x00007ffed1870000 - 0x00007ffed2000000 	C:\WINDOWS\SYSTEM32\windows.storage.dll
0x00007ffed59a0000 - 0x00007ffed5cf5000 	C:\WINDOWS\System32\combase.dll
0x00007ffed3180000 - 0x00007ffed31ac000 	C:\WINDOWS\SYSTEM32\Wldp.dll
0x00007ffed5830000 - 0x00007ffed58de000 	C:\WINDOWS\System32\SHCORE.dll
0x00007ffed53a0000 - 0x00007ffed53f5000 	C:\WINDOWS\System32\shlwapi.dll
0x00007ffed3670000 - 0x00007ffed368f000 	C:\WINDOWS\SYSTEM32\profapi.dll
0x00007ffec4b40000 - 0x00007ffec4b4b000 	C:\Program Files\Java\jdk-15.0.2\bin\dt_socket.dll
0x00007ffed2b80000 - 0x00007ffed2bbb000 	C:\WINDOWS\SYSTEM32\IPHLPAPI.DLL
0x00007ffed2ed0000 - 0x00007ffed2f3a000 	C:\WINDOWS\system32\mswsock.dll
0x00007ffed2bc0000 - 0x00007ffed2c8b000 	C:\WINDOWS\SYSTEM32\DNSAPI.dll
0x00007ffed4050000 - 0x00007ffed4058000 	C:\WINDOWS\System32\NSI.dll
0x000000005f460000 - 0x000000005f486000 	C:\Program Files\Bonjour\mdnsNSP.dll
0x00007ffecc360000 - 0x00007ffecc36a000 	C:\Windows\System32\rasadhlp.dll
0x00007ffec9a60000 - 0x00007ffec9adf000 	C:\WINDOWS\System32\fwpuclnt.dll
0x00007ffed3890000 - 0x00007ffed38b7000 	C:\WINDOWS\System32\bcrypt.dll
0x00007ffe881e0000 - 0x00007ffe881f9000 	C:\Program Files\Java\jdk-15.0.2\bin\net.dll
0x00007ffecac40000 - 0x00007ffecad4c000 	C:\WINDOWS\SYSTEM32\WINHTTP.dll
0x00007ffe81f20000 - 0x00007ffe81f32000 	C:\Program Files\Java\jdk-15.0.2\bin\nio.dll
0x00007ffe81da0000 - 0x00007ffe81db8000 	C:\Program Files\Java\jdk-15.0.2\bin\zip.dll
0x00007ffe95810000 - 0x00007ffe95874000 	C:\Users\negre\AppData\Local\Temp\lwjglbalrog\3.2.3-build-13\lwjgl.dll
0x00007ffe885c0000 - 0x00007ffe88813000 	C:\Users\negre\AppData\Local\Temp\lwjglbalrog\3.2.3-build-13\jemalloc.dll
0x00007ffe956f0000 - 0x00007ffe95752000 	C:\Users\negre\AppData\Local\Temp\lwjglbalrog\3.2.3-build-13\glfw.dll
0x00007ffed1110000 - 0x00007ffed11ae000 	C:\WINDOWS\system32\uxtheme.dll
0x00007ffe955c0000 - 0x00007ffe95605000 	C:\WINDOWS\SYSTEM32\dinput8.dll
0x00007ffebb460000 - 0x00007ffebb471000 	C:\WINDOWS\SYSTEM32\xinput1_4.dll
0x00007ffed39c0000 - 0x00007ffed3a0e000 	C:\WINDOWS\System32\cfgmgr32.dll
0x00007ffed34e0000 - 0x00007ffed350c000 	C:\WINDOWS\SYSTEM32\DEVOBJ.dll
0x00007ffed1380000 - 0x00007ffed13af000 	C:\WINDOWS\SYSTEM32\dwmapi.dll
0x00007ffec6580000 - 0x00007ffec66d2000 	C:\WINDOWS\SYSTEM32\inputhost.dll
0x00007ffed5490000 - 0x00007ffed555d000 	C:\WINDOWS\System32\OLEAUT32.dll
0x00007ffed0cd0000 - 0x00007ffed0dc2000 	C:\WINDOWS\SYSTEM32\CoreMessaging.dll
0x00007ffecff70000 - 0x00007ffed00c4000 	C:\WINDOWS\SYSTEM32\wintypes.dll
0x00007ffed0830000 - 0x00007ffed0b8e000 	C:\WINDOWS\SYSTEM32\CoreUIComponents.dll
0x00007ffecfd50000 - 0x00007ffecfe47000 	C:\WINDOWS\SYSTEM32\PROPSYS.dll
0x00007ffed2440000 - 0x00007ffed2473000 	C:\WINDOWS\SYSTEM32\ntmarta.dll
0x00007ffed4b70000 - 0x00007ffed4c85000 	C:\WINDOWS\System32\MSCTF.dll
0x00007ffed2000000 - 0x00007ffed200d000 	C:\WINDOWS\SYSTEM32\HID.DLL
0x00007ffed4de0000 - 0x00007ffed5249000 	C:\WINDOWS\System32\SETUPAPI.DLL
0x00007ffed3e30000 - 0x00007ffed3e90000 	C:\WINDOWS\System32\WINTRUST.dll
0x00007ffed3730000 - 0x00007ffed388f000 	C:\WINDOWS\System32\CRYPT32.dll
0x00007ffed3320000 - 0x00007ffed3332000 	C:\WINDOWS\SYSTEM32\MSASN1.dll
0x00007ffe80db0000 - 0x00007ffe80ed6000 	C:\WINDOWS\SYSTEM32\opengl32.dll
0x00007ffe957e0000 - 0x00007ffe9580c000 	C:\WINDOWS\SYSTEM32\GLU32.dll
0x00007ffed55c0000 - 0x00007ffed5669000 	C:\WINDOWS\System32\clbcatq.dll
0x00007ffe53610000 - 0x00007ffe55fa3000 	C:\WINDOWS\System32\DriverStore\FileRepository\nvaki.inf_amd64_24eb043d489b0b94\nvoglv64.dll
0x00007ffed5da0000 - 0x00007ffed5eca000 	C:\WINDOWS\System32\ole32.dll
0x00007ffecfec0000 - 0x00007ffecfed4000 	C:\WINDOWS\SYSTEM32\WTSAPI32.dll
0x00007ffec8530000 - 0x00007ffec8561000 	C:\WINDOWS\SYSTEM32\cryptnet.dll
0x00007ffed3090000 - 0x00007ffed309c000 	C:\WINDOWS\SYSTEM32\cryptbase.dll
0x00007ffec86a0000 - 0x00007ffec86db000 	C:\WINDOWS\SYSTEM32\dxcore.dll
0x00007ffea30e0000 - 0x00007ffea338e000 	C:\WINDOWS\system32\nvspcap64.dll
0x00007ffed2cf0000 - 0x00007ffed2d3b000 	C:\WINDOWS\SYSTEM32\powrprof.dll
0x00007ffed2b60000 - 0x00007ffed2b72000 	C:\WINDOWS\SYSTEM32\UMPDC.dll
0x00007ffed24f0000 - 0x00007ffed254a000 	C:\WINDOWS\SYSTEM32\WINSTA.dll
0x00007ffec6480000 - 0x00007ffec657b000 	C:\WINDOWS\SYSTEM32\textinputframework.dll
0x00007ffe93f20000 - 0x00007ffe93f79000 	C:\Users\negre\AppData\Local\Temp\lwjglbalrog\3.2.3-build-13\lwjgl_opengl.dll

dbghelp: loaded successfully - version: 4.0.5 - missing functions: none
symbol engine: initialized successfully - sym options: 0x614 - pdb path: .;C:\Program Files\Java\jdk-15.0.2\bin;C:\WINDOWS\SYSTEM32;C:\WINDOWS\WinSxS\amd64_microsoft.windows.common-controls_6595b64144ccf1df_6.0.19041.844_none_ca00b6081b84eb1d;C:\Program Files\Java\jdk-15.0.2\bin\server;C:\Program Files\Bonjour;C:\Users\negre\AppData\Local\Temp\lwjglbalrog\3.2.3-build-13;C:\WINDOWS\System32\DriverStore\FileRepository\nvaki.inf_amd64_24eb043d489b0b94

VM Arguments:
jvm_args: -agentlib:jdwp=transport=dt_socket,server=n,suspend=y,address=localhost:53016 --enable-preview -XX:+ShowCodeDetailsInExceptionMessages -Dfile.encoding=UTF-8 
java_command: App
java_class_path (initial): C:\Users\negre\AppData\Roaming\Code\User\workspaceStorage\08eba73cb9a6ee4ecf0cb3b7d0f355d9\redhat.java\jdt_ws\7map_b3229acf\bin;C:\Users\negre\Documents\GitHub\7map\src\lib\lwjgl-3.2.3\lwjgl-nuklear\lwjgl-nuklear.jar;C:\Users\negre\Documents\GitHub\7map\src\lib\lwjgl-3.2.3\lwjgl-tinyexr\lwjgl-tinyexr-natives-windows.jar;C:\Users\negre\Documents\GitHub\7map\src\lib\lwjgl-3.2.3\lwjgl-tinyfd\lwjgl-tinyfd-natives-macos.jar;C:\Users\negre\Documents\GitHub\7map\src\lib\lwjgl-3.2.3\lwjgl-xxhash\lwjgl-xxhash-javadoc.jar;C:\Users\negre\Documents\GitHub\7map\src\lib\lwjgl-3.2.3\lwjgl-glfw\lwjgl-glfw-natives-linux-arm32.jar;C:\Users\negre\Documents\GitHub\7map\src\lib\lwjgl-3.2.3\lwjgl-par\lwjgl-par.jar;C:\Users\negre\Documents\GitHub\7map\src\lib\lwjgl-3.2.3\lwjgl-vma\lwjgl-vma-natives-linux-arm32.jar;C:\Users\negre\Documents\GitHub\7map\src\lib\lwjgl-3.2.3\lwjgl\lwjgl-natives-linux-arm32.jar;C:\Users\negre\Documents\GitHub\7map\src\lib\lwjgl-3.2.3\lwjgl-openal\lwjgl-openal-natives-windows-x86.jar;C:\Users\negre\Documents\GitHub\7map\src\lib\lwjgl-3.2.3\lwjgl-tinyfd\lwjgl-tinyfd-natives-windows-x86.jar;C:\Users\negre\Documents\GitHub\7map\src\lib\lwjgl-3.2.3\lwjgl-nfd\lwjgl-nfd-natives-windows-x86.jar;C:\Users\negre\Documents\GitHub\7map\src\lib\lwjgl-3.2.3\lwjgl-remotery\lwjgl-remotery-natives-linux-arm64.jar;C:\Users\negre\Documents\GitHub\7map\src\lib\lwjgl-3.2.3\lwjgl-zstd\lwjgl-zstd-natives-linux-arm64.jar;C:\Users\negre\Documents\GitHub\7map\src\lib\lwjgl-3.2.3\lwjgl-jemalloc\lwjgl-jemalloc-natives-linux-arm32.jar;C:\Users\negre\Documents\GitHub\7map\src\lib\lwjgl-3.2.3\lwjgl-jemalloc\lwjgl-jemalloc-natives-windows.jar;C:\Users\negre\Documents\GitHub\7map\src\lib\lwjgl-3.2.3\lwjgl-lz4\lwjgl-lz4-natives-macos.jar;C:\Users\negre\Documents\GitHub\7map\src\lib\lwjgl-3.2.3\lwjgl-bgfx\lwjgl-bgfx-natives-windows.jar;C:\Users\negre\Documents\GitHub\7map\src\lib\lwjgl-3.2.3\lwjgl-stb\lwjgl-stb-javadoc.jar;C:\Users\negre\Documents\GitHub\7map\src\lib\
Launcher Type: SUN_STANDARD

[Global flags]
     intx CICompilerCount                          = 3                                         {product} {ergonomic}
     uint ConcGCThreads                            = 2                                         {product} {ergonomic}
     uint G1ConcRefinementThreads                  = 6                                         {product} {ergonomic}
   size_t G1HeapRegionSize                         = 2097152                                   {product} {ergonomic}
    uintx GCDrainStackTargetSize                   = 64                                        {product} {ergonomic}
   size_t InitialHeapSize                          = 268435456                                 {product} {ergonomic}
   size_t MarkStackSize                            = 4194304                                   {product} {ergonomic}
   size_t MaxHeapSize                              = 4273995776                                {product} {ergonomic}
   size_t MaxNewSize                               = 2562719744                                {product} {ergonomic}
   size_t MinHeapDeltaBytes                        = 2097152                                   {product} {ergonomic}
   size_t MinHeapSize                              = 8388608                                   {product} {ergonomic}
    uintx NonNMethodCodeHeapSize                   = 5832780                                {pd product} {ergonomic}
    uintx NonProfiledCodeHeapSize                  = 122912730                              {pd product} {ergonomic}
    uintx ProfiledCodeHeapSize                     = 122912730                              {pd product} {ergonomic}
    uintx ReservedCodeCacheSize                    = 251658240                              {pd product} {ergonomic}
     bool SegmentedCodeCache                       = true                                      {product} {ergonomic}
     bool ShowCodeDetailsInExceptionMessages       = true                                   {manageable} {command line}
   size_t SoftMaxHeapSize                          = 4273995776                             {manageable} {ergonomic}
     bool UseCompressedClassPointers               = true                                 {lp64_product} {ergonomic}
     bool UseCompressedOops                        = true                                 {lp64_product} {ergonomic}
     bool UseG1GC                                  = true                                      {product} {ergonomic}
     bool UseLargePagesIndividualAllocation        = false                                  {pd product} {ergonomic}

Logging:
Log output configuration:
 #0: stdout all=warning uptime,level,tags
 #1: stderr all=off uptime,level,tags

Environment Variables:
JAVA_HOME=C:\Program Files\Java\jdk-15.0.2
PATH=C:\Program Files\Common Files\Oracle\Java\javapath;C:\Users\negre\AppData\Roaming\ActiveState\bin;C:\Program Files (x86)\Common Files\Intel\Shared Libraries\redist\intel64\compiler;C:\Program Files (x86)\Common Files\Oracle\Java\javapath;C:\Windows\system32;C:\Windows;C:\Coq\bin\;C:\Windows\System32\Wbem;C:\Windows\System32\WindowsPowerShell\v1.0\;C:\Windows\System32\OpenSSH\;C:\Program Files (x86)\NVIDIA Corporation\PhysX\Common;C:\Program Files\NVIDIA Corporation\NVIDIA NvDLISR;C:\Program Files\Intel\WiFi\bin\;C:\Program Files\Common Files\Intel\WirelessCommon\;C:\Program Files\Git\cmd;C:\Program Files (x86)\mingw-w64\i686-8.1.0-posix-dwarf-rt_v6-rev0\mingw32\bin;C:\WINDOWS\system32;C:\WINDOWS;C:\WINDOWS\System32\Wbem;C:\WINDOWS\System32\WindowsPowerShell\v1.0\;C:\WINDOWS\System32\OpenSSH\;C:\Users\negre\AppData\Roaming\Microsoft\Windows\Start Menu\Programs\Coq\Coq;C:\Program Files\TortoiseSVN\bin;C:\Program Files\TortoiseSVN\;C:\Program Files\Polyspace\R2020a\runtime\win64;C:\Program Files\Polyspace\R2020a\bin;C:\Program Files\Polyspace\R2020a\polyspace\bin;C:\Program Files\nodejs\;C:\ProgramData\chocolatey\bin;C:\Users\negre\Downloads\Data;C:\Program Files\Docker\Docker\resources\bin;C:\ProgramData\DockerDesktop\version-bin;C:\Program Files\Java\jdk-15.0.2\bin;C:\Users\negre\scoop\shims;C:\Users\negre\AppData\Local\Programs\Python\Python39\Scripts\;C:\Users\negre\AppData\Local\Programs\Python\Python39\;C:\Users\negre\AppData\Local\Microsoft\WindowsApps;C:\Users\negre\AppData\Local\GitHubDesktop\bin;C:\Users\negre\AppData\Local\Programs\Microsoft VS Code\bin;C:\Users\negre\AppData\Local\Microsoft\WindowsApps;C:\Users\negre\AppData\Roaming\Microsoft\Windows\Start Menu\Programs\Coq\Coq;C:\Coq\bin\coqide.exe;C:\Users\negre\AppData\Roaming\npm;
USERNAME=balrog
LANG=fr_FR.UTF-8
OS=Windows_NT
PROCESSOR_IDENTIFIER=Intel64 Family 6 Model 158 Stepping 10, GenuineIntel



---------------  S Y S T E M  ---------------

OS:
 Windows 10 , 64 bit Build 19041 (10.0.19041.804)
OS uptime: 0 days 11:38 hours
HyperV virtualization detected

CPU: total 6 (initial active 6) (6 cores per cpu, 1 threads per core) family 6 model 158 stepping 10 microcode 0xde, cmov, cx8, fxsr, mmx, sse, sse2, sse3, ssse3, sse4.1, sse4.2, popcnt, vzeroupper, avx, avx2, aes, clmul, erms, 3dnowpref, lzcnt, tsc, tscinvbit, bmi1, bmi2, adx, fma, clflush, clflushopt

Memory: 4k page, system-wide physical 16303M (6689M free)
TotalPageFile size 23727M (AvailPageFile size 8196M)
current process WorkingSet (physical memory assigned to process): 109M, peak: 112M
current process commit charge ("private bytes"): 396M, peak: 401M

vm_info: Java HotSpot(TM) 64-Bit Server VM (15.0.2+7-27) for windows-amd64 JRE (15.0.2+7-27), built on Dec  7 2020 20:07:01 by "mach5one" with unknown MS VC++:1925

END.
